12-06-2021 15:16:44: Peer 1001 is started
12-06-2021 15:17:16: Peer 1001 received the 'handshake' message from 1002
12-06-2021 15:17:16: Peer 1001 is connected from 1002
12-06-2021 15:17:16: Peer 1001 'handshake' message has been sent successfully.
12-06-2021 15:17:17: Peer 1001 received the 'bitfield' message from 1002
12-06-2021 15:17:17: Peer 1001 is sending the 'bitfield' message to 1002
12-06-2021 15:17:17: Peer 1001 received the 'interested' message from  1002.
12-06-2021 15:17:17: Peer 1001 is sending the 'unchoke' message to 1002
12-06-2021 15:17:18: Peer 1001 is sending the 'piece' message for piece 0 to 1002
12-06-2021 15:17:18: Peer 1001 is sending the 'piece' message for piece 1 to 1002
12-06-2021 15:17:19: Peer 1001 is sending the 'piece' message for piece 2 to 1002
12-06-2021 15:17:20: Peer 1001 is sending the 'piece' message for piece 3 to 1002
12-06-2021 15:17:20: Peer 1001 is sending the 'piece' message for piece 4 to 1002
12-06-2021 15:17:20: Peer 1001 received the 'handshake' message from 1003
12-06-2021 15:17:20: Peer 1001 is connected from 1003
12-06-2021 15:17:20: Peer 1001 'handshake' message has been sent successfully.
12-06-2021 15:17:21: Peer 1001 is sending the 'piece' message for piece 5 to 1002
12-06-2021 15:17:21: Peer 1001 received the 'bitfield' message from 1003
12-06-2021 15:17:21: Peer 1001 is sending the 'bitfield' message to 1003
12-06-2021 15:17:21: Peer 1001 is sending the 'piece' message for piece 6 to 1002
12-06-2021 15:17:21: Peer 1001 received the 'interested' message from  1003.
12-06-2021 15:17:21: Peer 1001 is sending the 'unchoke' message to 1003
12-06-2021 15:17:22: Peer 1001 is sending the 'piece' message for piece 7 to 1002
12-06-2021 15:17:22: Peer 1001 is sending the 'piece' message for piece 0 to 1003
12-06-2021 15:17:22: Peer 1001 is sending the 'piece' message for piece 8 to 1002
12-06-2021 15:17:22: Peer 1001 is sending the 'piece' message for piece 1 to 1003
12-06-2021 15:17:23: Peer 1001 is sending the 'piece' message for piece 9 to 1002
12-06-2021 15:17:23: Peer 1001 is sending the 'piece' message for piece 2 to 1003
12-06-2021 15:17:23: Peer 1001 is sending the 'piece' message for piece 10 to 1002
12-06-2021 15:17:23: Peer 1001 is sending the 'piece' message for piece 3 to 1003
12-06-2021 15:17:24: Peer 1001 is sending the 'piece' message for piece 11 to 1002
12-06-2021 15:17:24: Peer 1001 is sending the 'piece' message for piece 4 to 1003
12-06-2021 15:17:24: Peer 1001 received the 'handshake' message from 1004
12-06-2021 15:17:24: Peer 1001 is connected from 1004
12-06-2021 15:17:24: Peer 1001 'handshake' message has been sent successfully.
12-06-2021 15:17:24: Peer 1001 is sending the 'piece' message for piece 12 to 1002
12-06-2021 15:17:24: Peer 1001 is sending the 'piece' message for piece 5 to 1003
12-06-2021 15:17:24: Peer 1001 received the 'bitfield' message from 1004
12-06-2021 15:17:24: Peer 1001 is sending the 'bitfield' message to 1004
12-06-2021 15:17:25: Peer 1001 is sending the 'piece' message for piece 13 to 1002
12-06-2021 15:17:25: Peer 1001 received the 'interested' message from  1004.
12-06-2021 15:17:25: Peer 1001 is sending the 'unchoke' message to 1004
12-06-2021 15:17:25: Peer 1001 is sending the 'piece' message for piece 6 to 1003
12-06-2021 15:17:25: Peer 1001 is sending the 'piece' message for piece 14 to 1002
12-06-2021 15:17:25: Peer 1001 is sending the 'piece' message for piece 0 to 1004
12-06-2021 15:17:25: Peer 1001 is sending the 'piece' message for piece 7 to 1003
12-06-2021 15:17:26: Peer 1001 is sending the 'piece' message for piece 8 to 1003
12-06-2021 15:17:26: Peer 1001 is sending the 'piece' message for piece 15 to 1002
12-06-2021 15:17:26: Peer 1001 is sending the 'piece' message for piece 9 to 1003
12-06-2021 15:17:26: Peer 1001 is sending the 'piece' message for piece 16 to 1002
12-06-2021 15:17:26: Peer 1001 is sending the 'piece' message for piece 1 to 1004
12-06-2021 15:17:27: Peer 1001 is sending the 'piece' message for piece 10 to 1003
12-06-2021 15:17:27: Peer 1001 is sending the 'piece' message for piece 17 to 1002
12-06-2021 15:17:27: Peer 1001 is sending the 'piece' message for piece 2 to 1004
12-06-2021 15:17:27: Peer 1001 is sending the 'piece' message for piece 3 to 1004
12-06-2021 15:17:27: Peer 1001 is sending the 'piece' message for piece 11 to 1003
12-06-2021 15:17:27: Peer 1001 is sending the 'piece' message for piece 18 to 1002
12-06-2021 15:17:28: Peer 1001 is sending the 'piece' message for piece 4 to 1004
12-06-2021 15:17:28: Peer 1001 is sending the 'piece' message for piece 12 to 1003
12-06-2021 15:17:28: Peer 1001 is sending the 'piece' message for piece 19 to 1002
12-06-2021 15:17:28: Peer 1001 is sending the 'piece' message for piece 5 to 1004
12-06-2021 15:17:28: Peer 1001 is sending the 'piece' message for piece 20 to 1002
12-06-2021 15:17:28: Peer 1001 is sending the 'piece' message for piece 13 to 1003
12-06-2021 15:17:29: Peer 1001 is sending the 'piece' message for piece 6 to 1004
12-06-2021 15:17:29: Peer 1001 is sending the 'piece' message for piece 21 to 1002
12-06-2021 15:17:29: Peer 1001 is sending the 'piece' message for piece 14 to 1003
12-06-2021 15:17:29: Peer 1001 is sending the 'piece' message for piece 7 to 1004
12-06-2021 15:17:29: Peer 1001 is sending the 'piece' message for piece 22 to 1002
12-06-2021 15:17:29: Peer 1001 is sending the 'piece' message for piece 15 to 1003
12-06-2021 15:17:30: Peer 1001 is sending the 'piece' message for piece 8 to 1004
12-06-2021 15:17:30: Peer 1001 is sending the 'piece' message for piece 23 to 1002
12-06-2021 15:17:30: Peer 1001 is sending the 'piece' message for piece 16 to 1003
12-06-2021 15:17:30: Peer 1001 is sending the 'piece' message for piece 9 to 1004
12-06-2021 15:17:30: Peer 1001 is sending the 'piece' message for piece 24 to 1002
12-06-2021 15:17:30: Peer 1001 is sending the 'piece' message for piece 17 to 1003
12-06-2021 15:17:31: Peer 1001 is sending the 'piece' message for piece 18 to 1003
12-06-2021 15:17:31: Peer 1001 is sending the 'piece' message for piece 10 to 1004
12-06-2021 15:17:31: Peer 1001 is sending the 'piece' message for piece 25 to 1002
12-06-2021 15:17:31: Peer 1001 is sending the 'piece' message for piece 19 to 1003
12-06-2021 15:17:31: Peer 1001 is sending the 'piece' message for piece 11 to 1004
12-06-2021 15:17:31: Peer 1001 is sending the 'piece' message for piece 26 to 1002
12-06-2021 15:17:32: Peer 1001 is sending the 'piece' message for piece 20 to 1003
12-06-2021 15:17:32: Peer 1001 is sending the 'piece' message for piece 12 to 1004
12-06-2021 15:17:32: Peer 1001 is sending the 'piece' message for piece 27 to 1002
12-06-2021 15:17:32: Peer 1001 is sending the 'piece' message for piece 21 to 1003
12-06-2021 15:17:32: Peer 1001 is sending the 'piece' message for piece 13 to 1004
12-06-2021 15:17:32: Peer 1001 is sending the 'piece' message for piece 28 to 1002
12-06-2021 15:17:33: Peer 1001 is sending the 'piece' message for piece 22 to 1003
12-06-2021 15:17:33: Peer 1001 is sending the 'piece' message for piece 14 to 1004
12-06-2021 15:17:33: Peer 1001 is sending the 'piece' message for piece 29 to 1002
12-06-2021 15:17:33: Peer 1001 is sending the 'piece' message for piece 23 to 1003
12-06-2021 15:17:33: Peer 1001 is sending the 'piece' message for piece 15 to 1004
12-06-2021 15:17:33: Peer 1001 is sending the 'piece' message for piece 30 to 1002
12-06-2021 15:17:34: Peer 1001 is sending the 'piece' message for piece 24 to 1003
12-06-2021 15:17:34: Peer 1001 is sending the 'piece' message for piece 16 to 1004
12-06-2021 15:17:34: Peer 1001 is sending the 'piece' message for piece 31 to 1002
12-06-2021 15:17:34: Peer 1001 is sending the 'piece' message for piece 25 to 1003
12-06-2021 15:17:34: Peer 1001 is sending the 'piece' message for piece 17 to 1004
12-06-2021 15:17:34: Peer 1001 is sending the 'piece' message for piece 32 to 1002
12-06-2021 15:17:35: Peer 1001 is sending the 'piece' message for piece 26 to 1003
12-06-2021 15:17:35: Peer 1001 is sending the 'piece' message for piece 33 to 1002
12-06-2021 15:17:35: Peer 1001 is sending the 'piece' message for piece 18 to 1004
12-06-2021 15:17:35: Peer 1001 is sending the 'piece' message for piece 27 to 1003
12-06-2021 15:17:35: Peer 1001 is sending the 'piece' message for piece 34 to 1002
12-06-2021 15:17:35: Peer 1001 is sending the 'piece' message for piece 19 to 1004
12-06-2021 15:17:36: Peer 1001 is sending the 'piece' message for piece 20 to 1004
12-06-2021 15:17:36: Peer 1001 is sending the 'piece' message for piece 28 to 1003
12-06-2021 15:17:36: Peer 1001 is sending the 'piece' message for piece 35 to 1002
12-06-2021 15:17:36: Peer 1001 is sending the 'piece' message for piece 21 to 1004
12-06-2021 15:17:36: Peer 1001 is sending the 'piece' message for piece 29 to 1003
12-06-2021 15:17:36: Peer 1001 is sending the 'piece' message for piece 36 to 1002
12-06-2021 15:17:37: Peer 1001 is sending the 'piece' message for piece 22 to 1004
12-06-2021 15:17:37: Peer 1001 is sending the 'piece' message for piece 30 to 1003
12-06-2021 15:17:37: Peer 1001 is sending the 'piece' message for piece 37 to 1002
12-06-2021 15:17:37: Peer 1001 is sending the 'piece' message for piece 23 to 1004
12-06-2021 15:17:37: Peer 1001 is sending the 'piece' message for piece 31 to 1003
12-06-2021 15:17:37: Peer 1001 is sending the 'piece' message for piece 38 to 1002
12-06-2021 15:17:38: Peer 1001 is sending the 'piece' message for piece 32 to 1003
12-06-2021 15:17:38: Peer 1001 is sending the 'piece' message for piece 24 to 1004
12-06-2021 15:17:38: Peer 1001 is sending the 'piece' message for piece 39 to 1002
12-06-2021 15:17:38: Peer 1001 is sending the 'piece' message for piece 33 to 1003
12-06-2021 15:17:38: Peer 1001 is sending the 'piece' message for piece 25 to 1004
12-06-2021 15:17:39: Peer 1001 is sending the 'piece' message for piece 40 to 1002
12-06-2021 15:17:39: Peer 1001 is sending the 'piece' message for piece 34 to 1003
12-06-2021 15:17:39: Peer 1001 is sending the 'piece' message for piece 26 to 1004
12-06-2021 15:17:39: Peer 1001 is sending the 'piece' message for piece 41 to 1002
12-06-2021 15:17:39: Peer 1001 is sending the 'piece' message for piece 35 to 1003
12-06-2021 15:17:39: Peer 1001 is sending the 'piece' message for piece 27 to 1004
12-06-2021 15:17:40: Peer 1001 is sending the 'piece' message for piece 42 to 1002
12-06-2021 15:17:40: Peer 1001 is sending the 'piece' message for piece 36 to 1003
12-06-2021 15:17:40: Peer 1001 is sending the 'piece' message for piece 28 to 1004
12-06-2021 15:17:40: Peer 1001 is sending the 'piece' message for piece 43 to 1002
12-06-2021 15:17:40: Peer 1001 is sending the 'piece' message for piece 37 to 1003
12-06-2021 15:17:40: Peer 1001 is sending the 'piece' message for piece 29 to 1004
12-06-2021 15:17:41: Peer 1001 is sending the 'piece' message for piece 44 to 1002
12-06-2021 15:17:41: Peer 1001 is sending the 'piece' message for piece 38 to 1003
12-06-2021 15:17:41: Peer 1001 is sending the 'piece' message for piece 30 to 1004
12-06-2021 15:17:41: Peer 1001 received the 'handshake' message from 1007
12-06-2021 15:17:41: Peer 1001 is connected from 1007
12-06-2021 15:17:41: Peer 1001 'handshake' message has been sent successfully.
12-06-2021 15:17:41: Peer 1001 is sending the 'piece' message for piece 45 to 1002
12-06-2021 15:17:41: Peer 1001 is sending the 'piece' message for piece 39 to 1003
12-06-2021 15:17:41: Peer 1001 received the 'bitfield' message from 1007
12-06-2021 15:17:41: Peer 1001 is sending the 'bitfield' message to 1007
12-06-2021 15:17:41: Peer 1001 is sending the 'piece' message for piece 31 to 1004
12-06-2021 15:17:42: Peer 1001 is sending the 'piece' message for piece 32 to 1004
12-06-2021 15:17:42: Peer 1001 is sending the 'piece' message for piece 46 to 1002
12-06-2021 15:17:42: Peer 1001 is sending the 'piece' message for piece 40 to 1003
12-06-2021 15:17:42: Peer 1001 received the 'interested' message from  1007.
12-06-2021 15:17:42: Peer 1001 is sending the 'unchoke' message to 1007
12-06-2021 15:17:42: Peer 1001 is sending the 'piece' message for piece 33 to 1004
12-06-2021 15:17:42: Peer 1001 is sending the 'piece' message for piece 47 to 1002
12-06-2021 15:17:42: Peer 1001 is sending the 'piece' message for piece 41 to 1003
12-06-2021 15:17:42: Peer 1001 is sending the 'piece' message for piece 0 to 1007
12-06-2021 15:17:43: Peer 1001 is sending the 'piece' message for piece 34 to 1004
12-06-2021 15:17:43: Peer 1001 is sending the 'piece' message for piece 48 to 1002
12-06-2021 15:17:43: Peer 1001 is sending the 'piece' message for piece 42 to 1003
12-06-2021 15:17:43: Peer 1001 is sending the 'piece' message for piece 1 to 1007
12-06-2021 15:17:43: Peer 1001 is sending the 'piece' message for piece 35 to 1004
12-06-2021 15:17:43: Peer 1001 is sending the 'piece' message for piece 49 to 1002
12-06-2021 15:17:43: Peer 1001 is sending the 'piece' message for piece 43 to 1003
12-06-2021 15:17:44: Peer 1001 is sending the 'piece' message for piece 2 to 1007
12-06-2021 15:17:44: Peer 1001 is sending the 'piece' message for piece 36 to 1004
12-06-2021 15:17:44: Peer 1001 is sending the 'piece' message for piece 50 to 1002
12-06-2021 15:17:44: Peer 1001 is sending the 'piece' message for piece 44 to 1003
12-06-2021 15:17:44: Peer 1001 is sending the 'piece' message for piece 3 to 1007
12-06-2021 15:17:44: Peer 1001 is sending the 'piece' message for piece 37 to 1004
12-06-2021 15:17:44: Peer 1001 is sending the 'piece' message for piece 51 to 1002
12-06-2021 15:17:44: Peer 1001 is sending the 'piece' message for piece 45 to 1003
12-06-2021 15:17:45: Peer 1001 has the preferred neighbors 1007, 1004, 1003.
12-06-2021 15:17:45: Peer 1001 received the 'handshake' message from 1008
12-06-2021 15:17:45: Peer 1001 is connected from 1008
12-06-2021 15:17:45: Peer 1001 'handshake' message has been sent successfully.
12-06-2021 15:17:45: Peer 1001 is sending the 'piece' message for piece 4 to 1007
12-06-2021 15:17:45: Peer 1001 is sending the 'piece' message for piece 38 to 1004
12-06-2021 15:17:45: Peer 1001 received the 'bitfield' message from 1008
12-06-2021 15:17:45: Peer 1001 is sending the 'bitfield' message to 1008
12-06-2021 15:17:45: Peer 1001 is sending the 'piece' message for piece 52 to 1002
12-06-2021 15:17:45: Peer 1001 is sending the 'choke' message to 1002
12-06-2021 15:17:45: Peer 1001 is sending the 'piece' message for piece 46 to 1003
12-06-2021 15:17:45: Peer 1001 is sending the 'piece' message for piece 39 to 1004
12-06-2021 15:17:45: Peer 1001 is sending the 'piece' message for piece 5 to 1007
12-06-2021 15:17:45: Peer 1001 received the 'interested' message from  1008.
12-06-2021 15:17:45: Peer 1001 is sending the 'choke' message to 1008
12-06-2021 15:17:45: Peer 1001 is sending the 'piece' message for piece 47 to 1003
12-06-2021 15:17:46: Peer 1001 is sending the 'piece' message for piece 6 to 1007
12-06-2021 15:17:46: Peer 1001 is sending the 'piece' message for piece 40 to 1004
12-06-2021 15:17:46: Peer 1001 is sending the 'piece' message for piece 48 to 1003
12-06-2021 15:17:46: Peer 1001 received the 'handshake' message from 1009
12-06-2021 15:17:46: Peer 1001 is connected from 1009
12-06-2021 15:17:46: Peer 1001 'handshake' message has been sent successfully.
12-06-2021 15:17:46: Peer 1001 received the 'bitfield' message from 1009
12-06-2021 15:17:46: Peer 1001 is sending the 'bitfield' message to 1009
12-06-2021 15:17:46: Peer 1001 is sending the 'piece' message for piece 41 to 1004
12-06-2021 15:17:46: Peer 1001 is sending the 'piece' message for piece 7 to 1007
12-06-2021 15:17:46: Peer 1001 is sending the 'piece' message for piece 49 to 1003
12-06-2021 15:17:47: Peer 1001 received the 'interested' message from  1009.
12-06-2021 15:17:47: Peer 1001 is sending the 'choke' message to 1009
12-06-2021 15:17:47: Peer 1001 is sending the 'piece' message for piece 42 to 1004
12-06-2021 15:17:47: Peer 1001 is sending the 'piece' message for piece 8 to 1007
12-06-2021 15:17:47: Peer 1001 is sending the 'piece' message for piece 50 to 1003
12-06-2021 15:17:47: Peer 1001 is sending the 'piece' message for piece 43 to 1004
12-06-2021 15:17:47: Peer 1001 is sending the 'piece' message for piece 9 to 1007
12-06-2021 15:17:47: Peer 1001 is sending the 'piece' message for piece 51 to 1003
12-06-2021 15:17:48: Peer 1001 is sending the 'piece' message for piece 44 to 1004
12-06-2021 15:17:48: Peer 1001 is sending the 'piece' message for piece 52 to 1003
12-06-2021 15:17:48: Peer 1001 is sending the 'piece' message for piece 10 to 1007
12-06-2021 15:17:48: Peer 1001 is sending the 'piece' message for piece 11 to 1007
12-06-2021 15:17:48: Peer 1001 is sending the 'piece' message for piece 45 to 1004
12-06-2021 15:17:48: Peer 1001 is sending the 'piece' message for piece 53 to 1003
12-06-2021 15:17:49: Peer 1001 is sending the 'piece' message for piece 12 to 1007
12-06-2021 15:17:49: Peer 1001 is sending the 'piece' message for piece 46 to 1004
12-06-2021 15:17:49: Peer 1001 is sending the 'piece' message for piece 54 to 1003
12-06-2021 15:17:49: Peer 1001 is sending the 'piece' message for piece 13 to 1007
12-06-2021 15:17:49: Peer 1001 is sending the 'piece' message for piece 47 to 1004
12-06-2021 15:17:49: Peer 1001 is sending the 'piece' message for piece 55 to 1003
12-06-2021 15:17:50: Peer 1001 is sending the 'unchoke' message to 1009
12-06-2021 15:17:50: Peer 1001 is sending the 'have' message to 1009
12-06-2021 15:17:50: Peer 1001 is sending the 'unchoke' message to 1008
12-06-2021 15:17:50: Peer 1001 is sending the 'have' message to 1008
12-06-2021 15:17:50: Peer 1001 has the preferred neighbors 1009, 1008, 1007.
12-06-2021 15:17:50: Peer 1001 is sending the 'piece' message for piece 14 to 1007
12-06-2021 15:17:50: Peer 1001 received the 'interested' message from  1008.
12-06-2021 15:17:50: Peer 1001 is sending the 'unchoke' message to 1008
12-06-2021 15:17:50: Peer 1001 received the 'interested' message from  1009.
12-06-2021 15:17:50: Peer 1001 is sending the 'unchoke' message to 1009
12-06-2021 15:17:50: Peer 1001 is sending the 'piece' message for piece 48 to 1004
12-06-2021 15:17:50: Peer 1001 is sending the 'choke' message to 1004
12-06-2021 15:17:50: Peer 1001 is sending the 'piece' message for piece 56 to 1003
12-06-2021 15:17:50: Peer 1001 is sending the 'choke' message to 1003
12-06-2021 15:17:50: Peer 1001 is sending the 'piece' message for piece 15 to 1007
12-06-2021 15:17:50: Peer 1001 is sending the 'piece' message for piece 9 to 1008
12-06-2021 15:17:50: Peer 1001 is sending the 'piece' message for piece 5 to 1009
12-06-2021 15:17:51: Peer 1001 is sending the 'piece' message for piece 16 to 1007
12-06-2021 15:17:51: Peer 1001 is sending the 'piece' message for piece 10 to 1008
12-06-2021 15:17:51: Peer 1001 is sending the 'piece' message for piece 6 to 1009
12-06-2021 15:17:51: Peer 1001 is sending the 'piece' message for piece 7 to 1009
12-06-2021 15:17:51: Peer 1001 is sending the 'piece' message for piece 17 to 1007
12-06-2021 15:17:51: Peer 1001 is sending the 'piece' message for piece 11 to 1008
12-06-2021 15:17:52: Peer 1001 is sending the 'piece' message for piece 8 to 1009
12-06-2021 15:17:52: Peer 1001 is sending the 'piece' message for piece 18 to 1007
12-06-2021 15:17:52: Peer 1001 is sending the 'piece' message for piece 12 to 1008
12-06-2021 15:17:52: Peer 1001 is sending the 'piece' message for piece 13 to 1008
12-06-2021 15:17:52: Peer 1001 is sending the 'piece' message for piece 9 to 1009
12-06-2021 15:17:52: Peer 1001 is sending the 'piece' message for piece 19 to 1007
12-06-2021 15:17:53: Peer 1001 is sending the 'piece' message for piece 14 to 1008
12-06-2021 15:17:53: Peer 1001 is sending the 'piece' message for piece 20 to 1007
12-06-2021 15:17:53: Peer 1001 is sending the 'piece' message for piece 10 to 1009
12-06-2021 15:17:53: Peer 1001 is sending the 'piece' message for piece 15 to 1008
12-06-2021 15:17:53: Peer 1001 is sending the 'piece' message for piece 21 to 1007
12-06-2021 15:17:53: Peer 1001 is sending the 'piece' message for piece 11 to 1009
12-06-2021 15:17:54: Peer 1001 is sending the 'piece' message for piece 16 to 1008
12-06-2021 15:17:54: Peer 1001 is sending the 'piece' message for piece 22 to 1007
12-06-2021 15:17:54: Peer 1001 is sending the 'piece' message for piece 12 to 1009
12-06-2021 15:17:54: Peer 1001 is sending the 'piece' message for piece 13 to 1009
12-06-2021 15:17:54: Peer 1001 is sending the 'piece' message for piece 23 to 1007
12-06-2021 15:17:54: Peer 1001 is sending the 'piece' message for piece 17 to 1008
12-06-2021 15:17:55: Peer 1001 has the optimistically unchoked neighbor 1002.
12-06-2021 15:17:55: Peer 1001 is sending the 'unchoke' message to 1002
12-06-2021 15:17:55: Peer 1001 is sending the 'have' message to 1002
12-06-2021 15:17:55: Peer 1001 has the preferred neighbors 1009, 1008, 1007.
12-06-2021 15:17:55: Peer 1001 is sending the 'piece' message for piece 14 to 1009
12-06-2021 15:17:55: Peer 1001 received the 'interested' message from  1002.
12-06-2021 15:17:55: Peer 1001 is sending the 'unchoke' message to 1002
12-06-2021 15:17:55: Peer 1001 is sending the 'piece' message for piece 24 to 1007
12-06-2021 15:17:55: Peer 1001 is sending the 'piece' message for piece 18 to 1008
12-06-2021 15:17:55: Peer 1001 is sending the 'piece' message for piece 15 to 1009
12-06-2021 15:17:55: Peer 1001 is sending the 'piece' message for piece 52 to 1002
12-06-2021 15:17:55: Peer 1001 is sending the 'piece' message for piece 25 to 1007
12-06-2021 15:17:55: Peer 1001 is sending the 'piece' message for piece 19 to 1008
12-06-2021 15:17:56: Peer 1001 is sending the 'piece' message for piece 53 to 1002
12-06-2021 15:17:56: Peer 1001 is sending the 'piece' message for piece 16 to 1009
12-06-2021 15:17:56: Peer 1001 is sending the 'piece' message for piece 26 to 1007
12-06-2021 15:17:56: Peer 1001 is sending the 'piece' message for piece 20 to 1008
12-06-2021 15:17:56: Peer 1001 is sending the 'piece' message for piece 54 to 1002
12-06-2021 15:17:56: Peer 1001 is sending the 'piece' message for piece 18 to 1009
12-06-2021 15:17:57: Peer 1001 is sending the 'piece' message for piece 21 to 1008
12-06-2021 15:17:57: Peer 1001 is sending the 'piece' message for piece 22 to 1008
12-06-2021 15:17:57: Peer 1001 is sending the 'piece' message for piece 27 to 1007
12-06-2021 15:17:57: Peer 1001 is sending the 'piece' message for piece 55 to 1002
12-06-2021 15:17:57: Peer 1001 is sending the 'piece' message for piece 19 to 1009
12-06-2021 15:17:58: Peer 1001 is sending the 'piece' message for piece 20 to 1009
12-06-2021 15:17:58: Peer 1001 is sending the 'piece' message for piece 23 to 1008
12-06-2021 15:17:58: Peer 1001 is sending the 'piece' message for piece 29 to 1007
12-06-2021 15:17:58: Peer 1001 is sending the 'piece' message for piece 56 to 1002
12-06-2021 15:17:58: Peer 1001 is sending the 'piece' message for piece 30 to 1007
12-06-2021 15:17:58: Peer 1001 is sending the 'piece' message for piece 21 to 1009
12-06-2021 15:17:58: Peer 1001 is sending the 'piece' message for piece 24 to 1008
12-06-2021 15:17:58: Peer 1001 is sending the 'piece' message for piece 57 to 1002
12-06-2021 15:17:59: Peer 1001 is sending the 'piece' message for piece 31 to 1007
12-06-2021 15:17:59: Peer 1001 is sending the 'piece' message for piece 22 to 1009
12-06-2021 15:17:59: Peer 1001 is sending the 'piece' message for piece 58 to 1002
12-06-2021 15:17:59: Peer 1001 is sending the 'piece' message for piece 25 to 1008
12-06-2021 15:17:59: Peer 1001 is sending the 'piece' message for piece 32 to 1007
12-06-2021 15:17:59: Peer 1001 is sending the 'piece' message for piece 23 to 1009
12-06-2021 15:17:59: Peer 1001 is sending the 'piece' message for piece 59 to 1002
12-06-2021 15:18:00: Peer 1001 is sending the 'piece' message for piece 26 to 1008
12-06-2021 15:18:00: Peer 1001 is sending the 'piece' message for piece 33 to 1007
12-06-2021 15:18:00: Peer 1001 is sending the 'piece' message for piece 24 to 1009
12-06-2021 15:18:00: Peer 1001 is sending the 'piece' message for piece 60 to 1002
12-06-2021 15:18:00: Peer 1001 has the preferred neighbors 1009, 1008, 1007.
12-06-2021 15:18:00: Peer 1001 is sending the 'piece' message for piece 34 to 1007
12-06-2021 15:18:00: Peer 1001 is sending the 'piece' message for piece 28 to 1008
12-06-2021 15:18:00: Peer 1001 is sending the 'piece' message for piece 61 to 1002
12-06-2021 15:18:00: Peer 1001 is sending the 'piece' message for piece 25 to 1009
12-06-2021 15:18:01: Peer 1001 is sending the 'piece' message for piece 35 to 1007
12-06-2021 15:18:01: Peer 1001 is sending the 'piece' message for piece 29 to 1008
12-06-2021 15:18:01: Peer 1001 is sending the 'piece' message for piece 62 to 1002
12-06-2021 15:18:01: Peer 1001 is sending the 'piece' message for piece 26 to 1009
12-06-2021 15:18:01: Peer 1001 is sending the 'piece' message for piece 27 to 1009
12-06-2021 15:18:01: Peer 1001 is sending the 'piece' message for piece 36 to 1007
12-06-2021 15:18:01: Peer 1001 is sending the 'piece' message for piece 30 to 1008
12-06-2021 15:18:01: Peer 1001 is sending the 'piece' message for piece 63 to 1002
12-06-2021 15:18:02: Peer 1001 is sending the 'piece' message for piece 28 to 1009
12-06-2021 15:18:02: Peer 1001 is sending the 'piece' message for piece 37 to 1007
12-06-2021 15:18:02: Peer 1001 is sending the 'piece' message for piece 31 to 1008
12-06-2021 15:18:02: Peer 1001 is sending the 'piece' message for piece 64 to 1002
12-06-2021 15:18:02: Peer 1001 is sending the 'piece' message for piece 29 to 1009
12-06-2021 15:18:02: Peer 1001 is sending the 'piece' message for piece 38 to 1007
12-06-2021 15:18:02: Peer 1001 is sending the 'piece' message for piece 65 to 1002
12-06-2021 15:18:02: Peer 1001 is sending the 'piece' message for piece 32 to 1008
12-06-2021 15:18:03: Peer 1001 is sending the 'piece' message for piece 30 to 1009
12-06-2021 15:18:03: Peer 1001 is sending the 'piece' message for piece 39 to 1007
12-06-2021 15:18:03: Peer 1001 is sending the 'piece' message for piece 66 to 1002
12-06-2021 15:18:03: Peer 1001 is sending the 'piece' message for piece 33 to 1008
12-06-2021 15:18:03: Peer 1001 is sending the 'piece' message for piece 34 to 1008
12-06-2021 15:18:03: Peer 1001 is sending the 'piece' message for piece 31 to 1009
12-06-2021 15:18:03: Peer 1001 is sending the 'piece' message for piece 40 to 1007
12-06-2021 15:18:03: Peer 1001 is sending the 'piece' message for piece 67 to 1002
12-06-2021 15:18:04: Peer 1001 is sending the 'piece' message for piece 35 to 1008
12-06-2021 15:18:04: Peer 1001 is sending the 'piece' message for piece 32 to 1009
12-06-2021 15:18:04: Peer 1001 is sending the 'piece' message for piece 41 to 1007
12-06-2021 15:18:04: Peer 1001 is sending the 'piece' message for piece 68 to 1002
12-06-2021 15:18:04: Peer 1001 is sending the 'piece' message for piece 36 to 1008
12-06-2021 15:18:04: Peer 1001 is sending the 'piece' message for piece 33 to 1009
12-06-2021 15:18:04: Peer 1001 is sending the 'piece' message for piece 42 to 1007
12-06-2021 15:18:04: Peer 1001 is sending the 'piece' message for piece 69 to 1002
12-06-2021 15:18:05: Peer 1001 is sending the 'piece' message for piece 37 to 1008
12-06-2021 15:18:05: Peer 1001 is sending the 'piece' message for piece 34 to 1009
12-06-2021 15:18:05: Peer 1001 is sending the 'piece' message for piece 43 to 1007
12-06-2021 15:18:05: Peer 1001 is sending the 'piece' message for piece 70 to 1002
12-06-2021 15:18:05: Peer 1001 has the optimistically unchoked neighbor 1003.
12-06-2021 15:18:05: Peer 1001 is sending the 'unchoke' message to 1003
12-06-2021 15:18:05: Peer 1001 is sending the 'have' message to 1003
12-06-2021 15:18:05: Peer 1001 has the preferred neighbors 1009, 1008, 1007.
12-06-2021 15:18:05: Peer 1001 is sending the 'piece' message for piece 38 to 1008
12-06-2021 15:18:05: Peer 1001 is sending the 'piece' message for piece 44 to 1007
12-06-2021 15:18:05: Peer 1001 is sending the 'piece' message for piece 35 to 1009
12-06-2021 15:18:05: Peer 1001 is sending the 'piece' message for piece 71 to 1002
12-06-2021 15:18:05: Peer 1001 is sending the 'choke' message to 1002
12-06-2021 15:18:06: Peer 1001 received the 'interested' message from  1003.
12-06-2021 15:18:06: Peer 1001 is sending the 'unchoke' message to 1003
12-06-2021 15:18:06: Peer 1001 is sending the 'piece' message for piece 39 to 1008
12-06-2021 15:18:06: Peer 1001 is sending the 'piece' message for piece 45 to 1007
12-06-2021 15:18:06: Peer 1001 is sending the 'piece' message for piece 36 to 1009
12-06-2021 15:18:06: Peer 1001 is sending the 'piece' message for piece 57 to 1003
12-06-2021 15:18:06: Peer 1001 is sending the 'piece' message for piece 37 to 1009
12-06-2021 15:18:06: Peer 1001 is sending the 'piece' message for piece 40 to 1008
12-06-2021 15:18:06: Peer 1001 is sending the 'piece' message for piece 46 to 1007
12-06-2021 15:18:07: Peer 1001 is sending the 'piece' message for piece 58 to 1003
12-06-2021 15:18:07: Peer 1001 is sending the 'piece' message for piece 38 to 1009
12-06-2021 15:18:07: Peer 1001 is sending the 'piece' message for piece 41 to 1008
12-06-2021 15:18:07: Peer 1001 is sending the 'piece' message for piece 47 to 1007
12-06-2021 15:18:07: Peer 1001 is sending the 'piece' message for piece 59 to 1003
12-06-2021 15:18:07: Peer 1001 is sending the 'piece' message for piece 39 to 1009
12-06-2021 15:18:07: Peer 1001 is sending the 'piece' message for piece 42 to 1008
12-06-2021 15:18:07: Peer 1001 is sending the 'piece' message for piece 48 to 1007
12-06-2021 15:18:08: Peer 1001 is sending the 'piece' message for piece 49 to 1007
12-06-2021 15:18:08: Peer 1001 is sending the 'piece' message for piece 60 to 1003
12-06-2021 15:18:08: Peer 1001 is sending the 'piece' message for piece 40 to 1009
12-06-2021 15:18:08: Peer 1001 is sending the 'piece' message for piece 43 to 1008
12-06-2021 15:18:08: Peer 1001 is sending the 'piece' message for piece 50 to 1007
12-06-2021 15:18:08: Peer 1001 is sending the 'piece' message for piece 61 to 1003
12-06-2021 15:18:08: Peer 1001 is sending the 'piece' message for piece 41 to 1009
12-06-2021 15:18:08: Peer 1001 is sending the 'piece' message for piece 44 to 1008
12-06-2021 15:18:09: Peer 1001 is sending the 'piece' message for piece 51 to 1007
12-06-2021 15:18:09: Peer 1001 is sending the 'piece' message for piece 62 to 1003
12-06-2021 15:18:09: Peer 1001 is sending the 'piece' message for piece 42 to 1009
12-06-2021 15:18:09: Peer 1001 is sending the 'piece' message for piece 45 to 1008
12-06-2021 15:18:09: Peer 1001 is sending the 'piece' message for piece 63 to 1003
12-06-2021 15:18:09: Peer 1001 is sending the 'piece' message for piece 52 to 1007
12-06-2021 15:18:09: Peer 1001 is sending the 'piece' message for piece 43 to 1009
12-06-2021 15:18:09: Peer 1001 is sending the 'piece' message for piece 46 to 1008
12-06-2021 15:18:10: Peer 1001 has the preferred neighbors 1009, 1008, 1007.
12-06-2021 15:18:10: Peer 1001 is sending the 'piece' message for piece 44 to 1009
12-06-2021 15:18:10: Peer 1001 is sending the 'piece' message for piece 47 to 1008
12-06-2021 15:18:10: Peer 1001 is sending the 'piece' message for piece 64 to 1003
12-06-2021 15:18:10: Peer 1001 is sending the 'piece' message for piece 53 to 1007
12-06-2021 15:18:10: Peer 1001 is sending the 'piece' message for piece 45 to 1009
12-06-2021 15:18:10: Peer 1001 is sending the 'piece' message for piece 48 to 1008
12-06-2021 15:18:10: Peer 1001 is sending the 'piece' message for piece 65 to 1003
12-06-2021 15:18:10: Peer 1001 is sending the 'piece' message for piece 54 to 1007
12-06-2021 15:18:11: Peer 1001 is sending the 'piece' message for piece 66 to 1003
12-06-2021 15:18:11: Peer 1001 is sending the 'piece' message for piece 46 to 1009
12-06-2021 15:18:11: Peer 1001 is sending the 'piece' message for piece 49 to 1008
12-06-2021 15:18:11: Peer 1001 is sending the 'piece' message for piece 55 to 1007
12-06-2021 15:18:11: Peer 1001 is sending the 'piece' message for piece 67 to 1003
12-06-2021 15:18:11: Peer 1001 is sending the 'piece' message for piece 50 to 1008
12-06-2021 15:18:11: Peer 1001 is sending the 'piece' message for piece 47 to 1009
12-06-2021 15:18:11: Peer 1001 is sending the 'piece' message for piece 56 to 1007
12-06-2021 15:18:12: Peer 1001 is sending the 'piece' message for piece 68 to 1003
12-06-2021 15:18:12: Peer 1001 is sending the 'piece' message for piece 51 to 1008
12-06-2021 15:18:12: Peer 1001 is sending the 'piece' message for piece 48 to 1009
12-06-2021 15:18:12: Peer 1001 is sending the 'piece' message for piece 57 to 1007
12-06-2021 15:18:12: Peer 1001 is sending the 'piece' message for piece 69 to 1003
12-06-2021 15:18:12: Peer 1001 is sending the 'piece' message for piece 52 to 1008
12-06-2021 15:18:12: Peer 1001 is sending the 'piece' message for piece 58 to 1007
12-06-2021 15:18:12: Peer 1001 is sending the 'piece' message for piece 49 to 1009
12-06-2021 15:18:13: Peer 1001 is sending the 'piece' message for piece 70 to 1003
12-06-2021 15:18:13: Peer 1001 is sending the 'piece' message for piece 53 to 1008
12-06-2021 15:18:13: Peer 1001 is sending the 'piece' message for piece 59 to 1007
12-06-2021 15:18:13: Peer 1001 is sending the 'piece' message for piece 50 to 1009
12-06-2021 15:18:13: Peer 1001 is sending the 'piece' message for piece 71 to 1003
12-06-2021 15:18:13: Peer 1001 is sending the 'piece' message for piece 54 to 1008
12-06-2021 15:18:13: Peer 1001 is sending the 'piece' message for piece 60 to 1007
12-06-2021 15:18:13: Peer 1001 is sending the 'piece' message for piece 51 to 1009
12-06-2021 15:18:14: Peer 1001 is sending the 'piece' message for piece 52 to 1009
12-06-2021 15:18:14: Peer 1001 is sending the 'piece' message for piece 72 to 1003
12-06-2021 15:18:14: Peer 1001 is sending the 'piece' message for piece 55 to 1008
12-06-2021 15:18:14: Peer 1001 is sending the 'piece' message for piece 61 to 1007
12-06-2021 15:18:14: Peer 1001 is sending the 'piece' message for piece 53 to 1009
12-06-2021 15:18:14: Peer 1001 is sending the 'piece' message for piece 73 to 1003
12-06-2021 15:18:14: Peer 1001 is sending the 'piece' message for piece 62 to 1007
12-06-2021 15:18:14: Peer 1001 is sending the 'piece' message for piece 56 to 1008
12-06-2021 15:18:15: Peer 1001 has the optimistically unchoked neighbor 1002.
12-06-2021 15:18:15: Peer 1001 is sending the 'unchoke' message to 1002
12-06-2021 15:18:15: Peer 1001 is sending the 'have' message to 1002
12-06-2021 15:18:15: Peer 1001 has the preferred neighbors 1009, 1008, 1007.
12-06-2021 15:18:15: Peer 1001 is sending the 'piece' message for piece 74 to 1003
12-06-2021 15:18:15: Peer 1001 is sending the 'choke' message to 1003
12-06-2021 15:18:15: Peer 1001 is sending the 'piece' message for piece 54 to 1009
12-06-2021 15:18:15: Peer 1001 is sending the 'piece' message for piece 63 to 1007
12-06-2021 15:18:15: Peer 1001 is sending the 'piece' message for piece 57 to 1008
12-06-2021 15:18:15: Peer 1001 is sending the 'piece' message for piece 58 to 1008
12-06-2021 15:18:15: Peer 1001 is sending the 'piece' message for piece 55 to 1009
12-06-2021 15:18:15: Peer 1001 received the 'interested' message from  1002.
12-06-2021 15:18:15: Peer 1001 is sending the 'unchoke' message to 1002
12-06-2021 15:18:15: Peer 1001 is sending the 'piece' message for piece 64 to 1007
12-06-2021 15:18:16: Peer 1001 is sending the 'piece' message for piece 59 to 1008
12-06-2021 15:18:16: Peer 1001 is sending the 'piece' message for piece 56 to 1009
12-06-2021 15:18:16: Peer 1001 is sending the 'piece' message for piece 71 to 1002
12-06-2021 15:18:16: Peer 1001 is sending the 'piece' message for piece 65 to 1007
12-06-2021 15:18:16: Peer 1001 is sending the 'piece' message for piece 60 to 1008
12-06-2021 15:18:16: Peer 1001 is sending the 'piece' message for piece 57 to 1009
12-06-2021 15:18:16: Peer 1001 is sending the 'piece' message for piece 72 to 1002
12-06-2021 15:18:16: Peer 1001 is sending the 'piece' message for piece 66 to 1007
12-06-2021 15:18:17: Peer 1001 is sending the 'piece' message for piece 61 to 1008
12-06-2021 15:18:17: Peer 1001 is sending the 'piece' message for piece 58 to 1009
12-06-2021 15:18:17: Peer 1001 is sending the 'piece' message for piece 73 to 1002
12-06-2021 15:18:17: Peer 1001 is sending the 'piece' message for piece 67 to 1007
12-06-2021 15:18:17: Peer 1001 is sending the 'piece' message for piece 68 to 1007
12-06-2021 15:18:17: Peer 1001 is sending the 'piece' message for piece 62 to 1008
12-06-2021 15:18:17: Peer 1001 is sending the 'piece' message for piece 74 to 1002
12-06-2021 15:18:17: Peer 1001 is sending the 'piece' message for piece 59 to 1009
12-06-2021 15:18:18: Peer 1001 is sending the 'piece' message for piece 60 to 1009
12-06-2021 15:18:18: Peer 1001 is sending the 'piece' message for piece 69 to 1007
12-06-2021 15:18:18: Peer 1001 is sending the 'piece' message for piece 63 to 1008
12-06-2021 15:18:18: Peer 1001 is sending the 'piece' message for piece 75 to 1002
12-06-2021 15:18:18: Peer 1001 is sending the 'piece' message for piece 70 to 1007
12-06-2021 15:18:18: Peer 1001 is sending the 'piece' message for piece 61 to 1009
12-06-2021 15:18:18: Peer 1001 is sending the 'piece' message for piece 64 to 1008
12-06-2021 15:18:18: Peer 1001 is sending the 'piece' message for piece 76 to 1002
12-06-2021 15:18:19: Peer 1001 is sending the 'piece' message for piece 71 to 1007
12-06-2021 15:18:19: Peer 1001 is sending the 'piece' message for piece 62 to 1009
12-06-2021 15:18:19: Peer 1001 is sending the 'piece' message for piece 65 to 1008
12-06-2021 15:18:19: Peer 1001 is sending the 'piece' message for piece 77 to 1002
12-06-2021 15:18:19: Peer 1001 is sending the 'piece' message for piece 72 to 1007
12-06-2021 15:18:19: Peer 1001 is sending the 'piece' message for piece 63 to 1009
12-06-2021 15:18:19: Peer 1001 is sending the 'piece' message for piece 66 to 1008
12-06-2021 15:18:19: Peer 1001 is sending the 'piece' message for piece 78 to 1002
12-06-2021 15:18:20: Peer 1001 has the preferred neighbors 1009, 1008, 1007.
12-06-2021 15:18:20: Peer 1001 is sending the 'piece' message for piece 73 to 1007
12-06-2021 15:18:20: Peer 1001 is sending the 'piece' message for piece 64 to 1009
12-06-2021 15:18:20: Peer 1001 is sending the 'piece' message for piece 67 to 1008
12-06-2021 15:18:20: Peer 1001 is sending the 'piece' message for piece 79 to 1002
12-06-2021 15:18:20: Peer 1001 is sending the 'piece' message for piece 74 to 1007
12-06-2021 15:18:20: Peer 1001 is sending the 'piece' message for piece 65 to 1009
12-06-2021 15:18:20: Peer 1001 is sending the 'piece' message for piece 68 to 1008
12-06-2021 15:18:20: Peer 1001 is sending the 'piece' message for piece 80 to 1002
12-06-2021 15:18:21: Peer 1001 is sending the 'piece' message for piece 75 to 1007
12-06-2021 15:18:21: Peer 1001 is sending the 'piece' message for piece 66 to 1009
12-06-2021 15:18:21: Peer 1001 is sending the 'piece' message for piece 81 to 1002
12-06-2021 15:18:21: Peer 1001 is sending the 'piece' message for piece 69 to 1008
12-06-2021 15:18:21: Peer 1001 is sending the 'piece' message for piece 70 to 1008
12-06-2021 15:18:21: Peer 1001 is sending the 'piece' message for piece 76 to 1007
12-06-2021 15:18:21: Peer 1001 is sending the 'piece' message for piece 67 to 1009
12-06-2021 15:18:21: Peer 1001 is sending the 'piece' message for piece 82 to 1002
12-06-2021 15:18:22: Peer 1001 is sending the 'piece' message for piece 71 to 1008
12-06-2021 15:18:22: Peer 1001 is sending the 'piece' message for piece 77 to 1007
12-06-2021 15:18:22: Peer 1001 is sending the 'piece' message for piece 83 to 1002
12-06-2021 15:18:22: Peer 1001 is sending the 'piece' message for piece 68 to 1009
12-06-2021 15:18:22: Peer 1001 is sending the 'piece' message for piece 69 to 1009
12-06-2021 15:18:22: Peer 1001 is sending the 'piece' message for piece 72 to 1008
12-06-2021 15:18:22: Peer 1001 is sending the 'piece' message for piece 78 to 1007
12-06-2021 15:18:22: Peer 1001 is sending the 'piece' message for piece 84 to 1002
12-06-2021 15:18:23: Peer 1001 is sending the 'piece' message for piece 70 to 1009
12-06-2021 15:18:23: Peer 1001 is sending the 'piece' message for piece 73 to 1008
12-06-2021 15:18:23: Peer 1001 is sending the 'piece' message for piece 79 to 1007
12-06-2021 15:18:23: Peer 1001 is sending the 'piece' message for piece 85 to 1002
12-06-2021 15:18:23: Peer 1001 is sending the 'piece' message for piece 71 to 1009
12-06-2021 15:18:23: Peer 1001 is sending the 'piece' message for piece 74 to 1008
12-06-2021 15:18:23: Peer 1001 is sending the 'piece' message for piece 80 to 1007
12-06-2021 15:18:23: Peer 1001 is sending the 'piece' message for piece 86 to 1002
12-06-2021 15:18:24: Peer 1001 is sending the 'piece' message for piece 72 to 1009
12-06-2021 15:18:24: Peer 1001 is sending the 'piece' message for piece 75 to 1008
12-06-2021 15:18:24: Peer 1001 is sending the 'piece' message for piece 81 to 1007
12-06-2021 15:18:24: Peer 1001 is sending the 'piece' message for piece 87 to 1002
12-06-2021 15:18:24: Peer 1001 is sending the 'piece' message for piece 73 to 1009
12-06-2021 15:18:24: Peer 1001 is sending the 'piece' message for piece 76 to 1008
12-06-2021 15:18:24: Peer 1001 is sending the 'piece' message for piece 82 to 1007
12-06-2021 15:18:24: Peer 1001 is sending the 'piece' message for piece 88 to 1002
12-06-2021 15:18:25: Peer 1001 has the optimistically unchoked neighbor 1004.
12-06-2021 15:18:25: Peer 1001 is sending the 'unchoke' message to 1004
12-06-2021 15:18:25: Peer 1001 is sending the 'have' message to 1004
12-06-2021 15:18:25: Peer 1001 has the preferred neighbors 1009, 1008, 1007.
12-06-2021 15:18:25: Peer 1001 is sending the 'piece' message for piece 77 to 1008
12-06-2021 15:18:25: Peer 1001 is sending the 'piece' message for piece 74 to 1009
12-06-2021 15:18:25: Peer 1001 is sending the 'piece' message for piece 83 to 1007
12-06-2021 15:18:25: Peer 1001 is sending the 'piece' message for piece 89 to 1002
12-06-2021 15:18:25: Peer 1001 is sending the 'choke' message to 1002
12-06-2021 15:18:25: Peer 1001 received the 'interested' message from  1004.
12-06-2021 15:18:25: Peer 1001 is sending the 'unchoke' message to 1004
12-06-2021 15:18:25: Peer 1001 is sending the 'piece' message for piece 78 to 1008
12-06-2021 15:18:25: Peer 1001 is sending the 'piece' message for piece 75 to 1009
12-06-2021 15:18:25: Peer 1001 is sending the 'piece' message for piece 84 to 1007
12-06-2021 15:18:26: Peer 1001 is sending the 'piece' message for piece 74 to 1004
12-06-2021 15:18:26: Peer 1001 is sending the 'piece' message for piece 79 to 1008
12-06-2021 15:18:26: Peer 1001 is sending the 'piece' message for piece 85 to 1007
12-06-2021 15:18:26: Peer 1001 is sending the 'piece' message for piece 76 to 1009
12-06-2021 15:18:26: Peer 1001 is sending the 'piece' message for piece 75 to 1004
12-06-2021 15:18:26: Peer 1001 is sending the 'piece' message for piece 80 to 1008
12-06-2021 15:18:26: Peer 1001 is sending the 'piece' message for piece 86 to 1007
12-06-2021 15:18:26: Peer 1001 is sending the 'piece' message for piece 77 to 1009
12-06-2021 15:18:27: Peer 1001 is sending the 'piece' message for piece 76 to 1004
12-06-2021 15:18:27: Peer 1001 is sending the 'piece' message for piece 81 to 1008
12-06-2021 15:18:27: Peer 1001 is sending the 'piece' message for piece 87 to 1007
12-06-2021 15:18:27: Peer 1001 is sending the 'piece' message for piece 78 to 1009
12-06-2021 15:18:27: Peer 1001 is sending the 'piece' message for piece 77 to 1004
12-06-2021 15:18:27: Peer 1001 is sending the 'piece' message for piece 82 to 1008
12-06-2021 15:18:27: Peer 1001 is sending the 'piece' message for piece 79 to 1009
12-06-2021 15:18:28: Peer 1001 is sending the 'piece' message for piece 88 to 1007
12-06-2021 15:18:28: Peer 1001 is sending the 'piece' message for piece 78 to 1004
12-06-2021 15:18:28: Peer 1001 is sending the 'piece' message for piece 83 to 1008
12-06-2021 15:18:28: Peer 1001 is sending the 'piece' message for piece 80 to 1009
12-06-2021 15:18:28: Peer 1001 is sending the 'piece' message for piece 81 to 1009
12-06-2021 15:18:28: Peer 1001 is sending the 'piece' message for piece 79 to 1004
12-06-2021 15:18:28: Peer 1001 is sending the 'piece' message for piece 84 to 1008
12-06-2021 15:18:29: Peer 1001 is sending the 'piece' message for piece 90 to 1007
12-06-2021 15:18:29: Peer 1001 is sending the 'piece' message for piece 80 to 1004
12-06-2021 15:18:29: Peer 1001 is sending the 'piece' message for piece 82 to 1009
12-06-2021 15:18:29: Peer 1001 is sending the 'piece' message for piece 85 to 1008
12-06-2021 15:18:29: Peer 1001 is sending the 'piece' message for piece 86 to 1008
12-06-2021 15:18:29: Peer 1001 is sending the 'piece' message for piece 91 to 1007
12-06-2021 15:18:29: Peer 1001 is sending the 'piece' message for piece 81 to 1004
12-06-2021 15:18:29: Peer 1001 is sending the 'piece' message for piece 83 to 1009
12-06-2021 15:18:30: Peer 1001 has the preferred neighbors 1009, 1008, 1007.
12-06-2021 15:18:30: Peer 1001 is sending the 'piece' message for piece 84 to 1009
12-06-2021 15:18:30: Peer 1001 is sending the 'piece' message for piece 92 to 1007
12-06-2021 15:18:30: Peer 1001 is sending the 'piece' message for piece 87 to 1008
12-06-2021 15:18:30: Peer 1001 is sending the 'piece' message for piece 82 to 1004
12-06-2021 15:18:30: Peer 1001 is sending the 'piece' message for piece 85 to 1009
12-06-2021 15:18:30: Peer 1001 is sending the 'piece' message for piece 88 to 1008
12-06-2021 15:18:30: Peer 1001 is sending the 'piece' message for piece 93 to 1007
12-06-2021 15:18:31: Peer 1001 is sending the 'piece' message for piece 83 to 1004
12-06-2021 15:18:31: Peer 1001 is sending the 'piece' message for piece 86 to 1009
12-06-2021 15:18:31: Peer 1001 is sending the 'piece' message for piece 89 to 1008
12-06-2021 15:18:31: Peer 1001 is sending the 'piece' message for piece 94 to 1007
12-06-2021 15:18:31: Peer 1001 is sending the 'piece' message for piece 84 to 1004
12-06-2021 15:18:31: Peer 1001 is sending the 'piece' message for piece 87 to 1009
12-06-2021 15:18:31: Peer 1001 is sending the 'piece' message for piece 95 to 1007
12-06-2021 15:18:31: Peer 1001 is sending the 'piece' message for piece 90 to 1008
12-06-2021 15:18:32: Peer 1001 is sending the 'piece' message for piece 85 to 1004
12-06-2021 15:18:32: Peer 1001 is sending the 'piece' message for piece 88 to 1009
12-06-2021 15:18:32: Peer 1001 is sending the 'piece' message for piece 96 to 1007
12-06-2021 15:18:32: Peer 1001 is sending the 'piece' message for piece 91 to 1008
12-06-2021 15:18:32: Peer 1001 is sending the 'piece' message for piece 86 to 1004
12-06-2021 15:18:32: Peer 1001 is sending the 'piece' message for piece 89 to 1009
12-06-2021 15:18:32: Peer 1001 is sending the 'piece' message for piece 97 to 1007
12-06-2021 15:18:32: Peer 1001 is sending the 'piece' message for piece 92 to 1008
12-06-2021 15:18:33: Peer 1001 is sending the 'piece' message for piece 87 to 1004
12-06-2021 15:18:33: Peer 1001 is sending the 'piece' message for piece 90 to 1009
12-06-2021 15:18:33: Peer 1001 is sending the 'piece' message for piece 98 to 1007
12-06-2021 15:18:33: Peer 1001 is sending the 'piece' message for piece 93 to 1008
12-06-2021 15:18:33: Peer 1001 is sending the 'piece' message for piece 88 to 1004
12-06-2021 15:18:33: Peer 1001 is sending the 'piece' message for piece 91 to 1009
12-06-2021 15:18:33: Peer 1001 is sending the 'piece' message for piece 99 to 1007
12-06-2021 15:18:33: Peer 1001 is sending the 'piece' message for piece 94 to 1008
12-06-2021 15:18:34: Peer 1001 is sending the 'piece' message for piece 89 to 1004
12-06-2021 15:18:34: Peer 1001 is sending the 'piece' message for piece 92 to 1009
12-06-2021 15:18:34: Peer 1001 is sending the 'piece' message for piece 100 to 1007
12-06-2021 15:18:34: Peer 1001 is sending the 'piece' message for piece 95 to 1008
12-06-2021 15:18:34: Peer 1001 is sending the 'piece' message for piece 96 to 1008
12-06-2021 15:18:34: Peer 1001 is sending the 'piece' message for piece 90 to 1004
12-06-2021 15:18:34: Peer 1001 is sending the 'piece' message for piece 93 to 1009
12-06-2021 15:18:34: Peer 1001 is sending the 'piece' message for piece 101 to 1007
12-06-2021 15:18:35: Peer 1001 has the optimistically unchoked neighbor 1003.
12-06-2021 15:18:35: Peer 1001 is sending the 'unchoke' message to 1003
12-06-2021 15:18:35: Peer 1001 is sending the 'have' message to 1003
12-06-2021 15:18:35: Peer 1001 has the preferred neighbors 1009, 1008, 1007.
12-06-2021 15:18:35: Peer 1001 is sending the 'piece' message for piece 97 to 1008
12-06-2021 15:18:35: Peer 1001 is sending the 'piece' message for piece 91 to 1004
12-06-2021 15:18:35: Peer 1001 is sending the 'choke' message to 1004
12-06-2021 15:18:35: Peer 1001 is sending the 'piece' message for piece 94 to 1009
12-06-2021 15:18:35: Peer 1001 is sending the 'piece' message for piece 102 to 1007
12-06-2021 15:18:35: Peer 1001 is sending the 'piece' message for piece 98 to 1008
12-06-2021 15:18:35: Peer 1001 received the 'interested' message from  1003.
12-06-2021 15:18:35: Peer 1001 is sending the 'unchoke' message to 1003
12-06-2021 15:18:35: Peer 1001 is sending the 'piece' message for piece 103 to 1007
12-06-2021 15:18:35: Peer 1001 is sending the 'piece' message for piece 95 to 1009
12-06-2021 15:18:36: Peer 1001 is sending the 'piece' message for piece 99 to 1008
12-06-2021 15:18:36: Peer 1001 is sending the 'piece' message for piece 76 to 1003
12-06-2021 15:18:36: Peer 1001 is sending the 'piece' message for piece 104 to 1007
12-06-2021 15:18:36: Peer 1001 is sending the 'piece' message for piece 96 to 1009
12-06-2021 15:18:36: Peer 1001 is sending the 'piece' message for piece 100 to 1008
12-06-2021 15:18:36: Peer 1001 is sending the 'piece' message for piece 77 to 1003
12-06-2021 15:18:36: Peer 1001 is sending the 'piece' message for piece 105 to 1007
12-06-2021 15:18:36: Peer 1001 is sending the 'piece' message for piece 97 to 1009
12-06-2021 15:18:37: Peer 1001 is sending the 'piece' message for piece 98 to 1009
12-06-2021 15:18:37: Peer 1001 is sending the 'piece' message for piece 101 to 1008
12-06-2021 15:18:37: Peer 1001 is sending the 'piece' message for piece 78 to 1003
12-06-2021 15:18:37: Peer 1001 is sending the 'piece' message for piece 106 to 1007
12-06-2021 15:18:37: Peer 1001 is sending the 'piece' message for piece 99 to 1009
12-06-2021 15:18:37: Peer 1001 is sending the 'piece' message for piece 102 to 1008
12-06-2021 15:18:37: Peer 1001 is sending the 'piece' message for piece 79 to 1003
12-06-2021 15:18:37: Peer 1001 is sending the 'piece' message for piece 107 to 1007
12-06-2021 15:18:38: Peer 1001 is sending the 'piece' message for piece 100 to 1009
12-06-2021 15:18:38: Peer 1001 is sending the 'piece' message for piece 103 to 1008
12-06-2021 15:18:38: Peer 1001 is sending the 'piece' message for piece 80 to 1003
12-06-2021 15:18:38: Peer 1001 is sending the 'piece' message for piece 108 to 1007
12-06-2021 15:18:38: Peer 1001 is sending the 'piece' message for piece 101 to 1009
12-06-2021 15:18:38: Peer 1001 is sending the 'piece' message for piece 81 to 1003
12-06-2021 15:18:38: Peer 1001 is sending the 'piece' message for piece 104 to 1008
12-06-2021 15:18:38: Peer 1001 is sending the 'piece' message for piece 109 to 1007
12-06-2021 15:18:39: Peer 1001 is sending the 'piece' message for piece 82 to 1003
12-06-2021 15:18:39: Peer 1001 is sending the 'piece' message for piece 105 to 1008
12-06-2021 15:18:39: Peer 1001 is sending the 'piece' message for piece 102 to 1009
12-06-2021 15:18:39: Peer 1001 is sending the 'piece' message for piece 110 to 1007
12-06-2021 15:18:39: Peer 1001 is sending the 'piece' message for piece 83 to 1003
12-06-2021 15:18:39: Peer 1001 is sending the 'piece' message for piece 106 to 1008
12-06-2021 15:18:39: Peer 1001 is sending the 'piece' message for piece 103 to 1009
12-06-2021 15:18:39: Peer 1001 is sending the 'piece' message for piece 111 to 1007
12-06-2021 15:18:40: Peer 1001 has the preferred neighbors 1009, 1008, 1007.
12-06-2021 15:18:40: Peer 1001 is sending the 'piece' message for piece 84 to 1003
12-06-2021 15:18:40: Peer 1001 is sending the 'piece' message for piece 107 to 1008
12-06-2021 15:18:40: Peer 1001 is sending the 'piece' message for piece 104 to 1009
12-06-2021 15:18:40: Peer 1001 is sending the 'piece' message for piece 112 to 1007
12-06-2021 15:18:40: Peer 1001 is sending the 'piece' message for piece 113 to 1007
12-06-2021 15:18:40: Peer 1001 is sending the 'piece' message for piece 85 to 1003
12-06-2021 15:18:40: Peer 1001 is sending the 'piece' message for piece 108 to 1008
12-06-2021 15:18:40: Peer 1001 is sending the 'piece' message for piece 105 to 1009
12-06-2021 15:18:41: Peer 1001 is sending the 'piece' message for piece 114 to 1007
12-06-2021 15:18:41: Peer 1001 is sending the 'piece' message for piece 86 to 1003
12-06-2021 15:18:41: Peer 1001 is sending the 'piece' message for piece 109 to 1008
12-06-2021 15:18:41: Peer 1001 is sending the 'piece' message for piece 106 to 1009
12-06-2021 15:18:41: Peer 1001 is sending the 'piece' message for piece 115 to 1007
12-06-2021 15:18:41: Peer 1001 is sending the 'piece' message for piece 87 to 1003
12-06-2021 15:18:41: Peer 1001 is sending the 'piece' message for piece 110 to 1008
12-06-2021 15:18:41: Peer 1001 is sending the 'piece' message for piece 107 to 1009
12-06-2021 15:18:42: Peer 1001 is sending the 'piece' message for piece 116 to 1007
12-06-2021 15:18:42: Peer 1001 is sending the 'piece' message for piece 88 to 1003
12-06-2021 15:18:42: Peer 1001 is sending the 'piece' message for piece 111 to 1008
12-06-2021 15:18:42: Peer 1001 is sending the 'piece' message for piece 108 to 1009
12-06-2021 15:18:42: Peer 1001 is sending the 'piece' message for piece 109 to 1009
12-06-2021 15:18:42: Peer 1001 is sending the 'piece' message for piece 117 to 1007
12-06-2021 15:18:42: Peer 1001 is sending the 'piece' message for piece 89 to 1003
12-06-2021 15:18:42: Peer 1001 is sending the 'piece' message for piece 112 to 1008
12-06-2021 15:18:43: Peer 1001 is sending the 'piece' message for piece 110 to 1009
12-06-2021 15:18:43: Peer 1001 is sending the 'piece' message for piece 118 to 1007
12-06-2021 15:18:43: Peer 1001 is sending the 'piece' message for piece 90 to 1003
12-06-2021 15:18:43: Peer 1001 is sending the 'piece' message for piece 113 to 1008
12-06-2021 15:18:43: Peer 1001 is sending the 'piece' message for piece 111 to 1009
12-06-2021 15:18:43: Peer 1001 is sending the 'piece' message for piece 119 to 1007
12-06-2021 15:18:43: Peer 1001 is sending the 'piece' message for piece 91 to 1003
12-06-2021 15:18:43: Peer 1001 is sending the 'piece' message for piece 114 to 1008
12-06-2021 15:18:44: Peer 1001 is sending the 'piece' message for piece 112 to 1009
12-06-2021 15:18:44: Peer 1001 is sending the 'piece' message for piece 120 to 1007
12-06-2021 15:18:44: Peer 1001 is sending the 'piece' message for piece 92 to 1003
12-06-2021 15:18:44: Peer 1001 is sending the 'piece' message for piece 115 to 1008
12-06-2021 15:18:44: Peer 1001 is sending the 'piece' message for piece 121 to 1007
12-06-2021 15:18:44: Peer 1001 is sending the 'piece' message for piece 113 to 1009
12-06-2021 15:18:44: Peer 1001 is sending the 'piece' message for piece 93 to 1003
12-06-2021 15:18:44: Peer 1001 is sending the 'piece' message for piece 116 to 1008
12-06-2021 15:18:45: Peer 1001 has the optimistically unchoked neighbor 1002.
12-06-2021 15:18:45: Peer 1001 is sending the 'unchoke' message to 1002
12-06-2021 15:18:45: Peer 1001 is sending the 'have' message to 1002
12-06-2021 15:18:45: Peer 1001 has the preferred neighbors 1009, 1008, 1007.
12-06-2021 15:18:45: Peer 1001 is sending the 'piece' message for piece 122 to 1007
12-06-2021 15:18:45: Peer 1001 is sending the 'piece' message for piece 94 to 1003
12-06-2021 15:18:45: Peer 1001 is sending the 'choke' message to 1003
12-06-2021 15:18:45: Peer 1001 is sending the 'piece' message for piece 114 to 1009
12-06-2021 15:18:45: Peer 1001 received the 'interested' message from  1002.
12-06-2021 15:18:45: Peer 1001 is sending the 'unchoke' message to 1002
12-06-2021 15:18:45: Peer 1001 is sending the 'piece' message for piece 117 to 1008
12-06-2021 15:18:45: Peer 1001 is sending the 'piece' message for piece 118 to 1008
12-06-2021 15:18:45: Peer 1001 is sending the 'piece' message for piece 123 to 1007
12-06-2021 15:18:45: Peer 1001 is sending the 'piece' message for piece 115 to 1009
12-06-2021 15:18:45: Peer 1001 is sending the 'piece' message for piece 89 to 1002
12-06-2021 15:18:46: Peer 1001 is sending the 'piece' message for piece 119 to 1008
12-06-2021 15:18:46: Peer 1001 is sending the 'piece' message for piece 124 to 1007
12-06-2021 15:18:46: Peer 1001 is sending the 'piece' message for piece 116 to 1009
12-06-2021 15:18:46: Peer 1001 is sending the 'piece' message for piece 90 to 1002
12-06-2021 15:18:46: Peer 1001 is sending the 'piece' message for piece 120 to 1008
12-06-2021 15:18:46: Peer 1001 is sending the 'piece' message for piece 125 to 1007
12-06-2021 15:18:46: Peer 1001 is sending the 'piece' message for piece 117 to 1009
12-06-2021 15:18:46: Peer 1001 is sending the 'piece' message for piece 91 to 1002
12-06-2021 15:18:47: Peer 1001 is sending the 'piece' message for piece 121 to 1008
12-06-2021 15:18:47: Peer 1001 is sending the 'piece' message for piece 126 to 1007
12-06-2021 15:18:47: Peer 1001 is sending the 'piece' message for piece 118 to 1009
12-06-2021 15:18:47: Peer 1001 is sending the 'piece' message for piece 92 to 1002
12-06-2021 15:18:47: Peer 1001 is sending the 'piece' message for piece 122 to 1008
12-06-2021 15:18:47: Peer 1001 is sending the 'piece' message for piece 127 to 1007
12-06-2021 15:18:47: Peer 1001 is sending the 'piece' message for piece 93 to 1002
12-06-2021 15:18:47: Peer 1001 is sending the 'piece' message for piece 119 to 1009
12-06-2021 15:18:48: Peer 1001 is sending the 'piece' message for piece 123 to 1008
12-06-2021 15:18:48: Peer 1001 is sending the 'piece' message for piece 128 to 1007
12-06-2021 15:18:48: Peer 1001 is sending the 'piece' message for piece 94 to 1002
12-06-2021 15:18:48: Peer 1001 is sending the 'piece' message for piece 120 to 1009
12-06-2021 15:18:48: Peer 1001 is sending the 'piece' message for piece 124 to 1008
12-06-2021 15:18:48: Peer 1001 is sending the 'piece' message for piece 129 to 1007
12-06-2021 15:18:49: Peer 1001 is sending the 'piece' message for piece 95 to 1002
12-06-2021 15:18:49: Peer 1001 is sending the 'piece' message for piece 121 to 1009
12-06-2021 15:18:49: Peer 1001 is sending the 'piece' message for piece 122 to 1009
12-06-2021 15:18:49: Peer 1001 is sending the 'piece' message for piece 125 to 1008
12-06-2021 15:18:49: Peer 1001 is sending the 'piece' message for piece 130 to 1007
12-06-2021 15:18:49: Peer 1001 is sending the 'piece' message for piece 96 to 1002
12-06-2021 15:18:50: Peer 1001 is sending the 'piece' message for piece 123 to 1009
12-06-2021 15:18:50: Peer 1001 is sending the 'piece' message for piece 126 to 1008
12-06-2021 15:18:50: Peer 1001 is sending the 'piece' message for piece 131 to 1007
12-06-2021 15:18:50: Peer 1001 is sending the 'piece' message for piece 97 to 1002
12-06-2021 15:18:50: Peer 1001 has the preferred neighbors 1009, 1008, 1007.
12-06-2021 15:18:50: Peer 1001 is sending the 'piece' message for piece 124 to 1009
12-06-2021 15:18:50: Peer 1001 is sending the 'piece' message for piece 127 to 1008
12-06-2021 15:18:50: Peer 1001 is sending the 'piece' message for piece 132 to 1007
12-06-2021 15:18:50: Peer 1001 is sending the 'piece' message for piece 98 to 1002
12-06-2021 15:18:51: Peer 1001 is sending the 'piece' message for piece 125 to 1009
12-06-2021 15:18:51: Peer 1001 is sending the 'piece' message for piece 128 to 1008
12-06-2021 15:18:51: Peer 1001 is sending the 'piece' message for piece 133 to 1007
12-06-2021 15:18:51: Peer 1001 is sending the 'piece' message for piece 99 to 1002
12-06-2021 15:18:51: Peer 1001 is sending the 'piece' message for piece 126 to 1009
12-06-2021 15:18:51: Peer 1001 is sending the 'piece' message for piece 129 to 1008
12-06-2021 15:18:51: Peer 1001 is sending the 'piece' message for piece 134 to 1007
12-06-2021 15:18:51: Peer 1001 is sending the 'piece' message for piece 100 to 1002
12-06-2021 15:18:52: Peer 1001 is sending the 'piece' message for piece 127 to 1009
12-06-2021 15:18:52: Peer 1001 is sending the 'piece' message for piece 130 to 1008
12-06-2021 15:18:52: Peer 1001 is sending the 'piece' message for piece 135 to 1007
12-06-2021 15:18:52: Peer 1001 is sending the 'piece' message for piece 101 to 1002
12-06-2021 15:18:52: Peer 1001 is sending the 'piece' message for piece 128 to 1009
12-06-2021 15:18:52: Peer 1001 is sending the 'piece' message for piece 131 to 1008
12-06-2021 15:18:52: Peer 1001 is sending the 'piece' message for piece 136 to 1007
12-06-2021 15:18:52: Peer 1001 is sending the 'piece' message for piece 102 to 1002
12-06-2021 15:18:53: Peer 1001 is sending the 'piece' message for piece 129 to 1009
12-06-2021 15:18:53: Peer 1001 is sending the 'piece' message for piece 132 to 1008
12-06-2021 15:18:53: Peer 1001 is sending the 'piece' message for piece 137 to 1007
12-06-2021 15:18:53: Peer 1001 is sending the 'piece' message for piece 103 to 1002
12-06-2021 15:18:53: Peer 1001 is sending the 'piece' message for piece 130 to 1009
12-06-2021 15:18:53: Peer 1001 is sending the 'piece' message for piece 133 to 1008
12-06-2021 15:18:53: Peer 1001 is sending the 'piece' message for piece 138 to 1007
12-06-2021 15:18:53: Peer 1001 is sending the 'piece' message for piece 104 to 1002
12-06-2021 15:18:54: Peer 1001 is sending the 'piece' message for piece 131 to 1009
12-06-2021 15:18:54: Peer 1001 is sending the 'piece' message for piece 134 to 1008
12-06-2021 15:18:54: Peer 1001 is sending the 'piece' message for piece 139 to 1007
12-06-2021 15:18:54: Peer 1001 is sending the 'piece' message for piece 105 to 1002
12-06-2021 15:18:54: Peer 1001 is sending the 'piece' message for piece 132 to 1009
12-06-2021 15:18:54: Peer 1001 is sending the 'piece' message for piece 135 to 1008
12-06-2021 15:18:54: Peer 1001 is sending the 'piece' message for piece 106 to 1002
12-06-2021 15:18:55: Peer 1001 is sending the 'piece' message for piece 107 to 1002
12-06-2021 15:18:55: Peer 1001 is sending the 'piece' message for piece 133 to 1009
12-06-2021 15:18:55: Peer 1001 is sending the 'piece' message for piece 136 to 1008
12-06-2021 15:18:55: Peer 1001 has the optimistically unchoked neighbor 1003.
12-06-2021 15:18:55: Peer 1001 is sending the 'unchoke' message to 1003
12-06-2021 15:18:55: Peer 1001 is sending the 'have' message to 1003
12-06-2021 15:18:55: Peer 1001 is sending the 'unchoke' message to 1004
12-06-2021 15:18:55: Peer 1001 is sending the 'have' message to 1004
12-06-2021 15:18:55: Peer 1001 has the preferred neighbors 1009, 1008, 1004.
12-06-2021 15:18:55: Peer 1001 is sending the 'piece' message for piece 108 to 1002
12-06-2021 15:18:55: Peer 1001 is sending the 'choke' message to 1002
12-06-2021 15:18:55: Peer 1001 received the 'interested' message from  1003.
12-06-2021 15:18:55: Peer 1001 is sending the 'unchoke' message to 1003
12-06-2021 15:18:55: Peer 1001 is sending the 'piece' message for piece 134 to 1009
12-06-2021 15:18:55: Peer 1001 is sending the 'piece' message for piece 137 to 1008
12-06-2021 15:18:56: Peer 1001 received the 'interested' message from  1004.
12-06-2021 15:18:56: Peer 1001 is sending the 'unchoke' message to 1004
12-06-2021 15:18:56: Peer 1001 is sending the 'piece' message for piece 94 to 1003
12-06-2021 15:18:56: Peer 1001 is sending the 'piece' message for piece 135 to 1009
12-06-2021 15:18:56: Peer 1001 is sending the 'piece' message for piece 138 to 1008
12-06-2021 15:18:56: Peer 1001 is sending the 'piece' message for piece 94 to 1004
12-06-2021 15:18:56: Peer 1001 is sending the 'piece' message for piece 95 to 1003
12-06-2021 15:18:56: Peer 1001 is sending the 'piece' message for piece 139 to 1008
12-06-2021 15:18:56: Peer 1001 is sending the 'piece' message for piece 136 to 1009
12-06-2021 15:18:57: Peer 1001 is sending the 'piece' message for piece 95 to 1004
12-06-2021 15:18:57: Peer 1001 is sending the 'piece' message for piece 96 to 1003
12-06-2021 15:18:57: Peer 1001 is sending the 'piece' message for piece 137 to 1009
12-06-2021 15:18:57: Peer 1001 is sending the 'piece' message for piece 96 to 1004
12-06-2021 15:18:57: Peer 1001 is sending the 'piece' message for piece 97 to 1003
12-06-2021 15:18:57: Peer 1001 is sending the 'piece' message for piece 138 to 1009
12-06-2021 15:18:58: Peer 1001 is sending the 'piece' message for piece 97 to 1004
12-06-2021 15:18:58: Peer 1001 is sending the 'piece' message for piece 98 to 1003
12-06-2021 15:18:58: Peer 1001 is sending the 'piece' message for piece 139 to 1009
12-06-2021 15:18:58: Peer 1001 is sending the 'piece' message for piece 98 to 1004
12-06-2021 15:18:58: Peer 1001 is sending the 'piece' message for piece 99 to 1003
12-06-2021 15:18:59: Peer 1001 is sending the 'piece' message for piece 100 to 1003
12-06-2021 15:18:59: Peer 1001 is sending the 'piece' message for piece 99 to 1004
12-06-2021 15:18:59: Peer 1001 is sending the 'piece' message for piece 100 to 1004
12-06-2021 15:18:59: Peer 1001 is sending the 'piece' message for piece 101 to 1003
12-06-2021 15:19:00: Peer 1001 is sending the 'piece' message for piece 102 to 1003
12-06-2021 15:19:00: Peer 1001 is sending the 'piece' message for piece 101 to 1004
12-06-2021 15:19:00: Peer 1001 is sending the 'unchoke' message to 1002
12-06-2021 15:19:00: Peer 1001 is sending the 'have' message to 1002
12-06-2021 15:19:00: Peer 1001 has the preferred neighbors 1003, 1002.
12-06-2021 15:19:00: Peer 1001 received the 'interested' message from  1002.
12-06-2021 15:19:00: Peer 1001 is sending the 'unchoke' message to 1002
12-06-2021 15:19:00: Peer 1001 is sending the 'piece' message for piece 102 to 1004
12-06-2021 15:19:00: Peer 1001 is sending the 'piece' message for piece 103 to 1003
12-06-2021 15:19:01: Peer 1001 is sending the 'piece' message for piece 108 to 1002
12-06-2021 15:19:01: Peer 1001 is sending the 'piece' message for piece 104 to 1003
12-06-2021 15:19:01: Peer 1001 is sending the 'piece' message for piece 103 to 1004
12-06-2021 15:19:01: Peer 1001 is sending the 'piece' message for piece 109 to 1002
12-06-2021 15:19:02: Peer 1001 is sending the 'piece' message for piece 105 to 1003
12-06-2021 15:19:02: Peer 1001 is sending the 'piece' message for piece 104 to 1004
12-06-2021 15:19:02: Peer 1001 is sending the 'piece' message for piece 110 to 1002
12-06-2021 15:19:02: Peer 1001 is sending the 'piece' message for piece 106 to 1003
12-06-2021 15:19:02: Peer 1001 is sending the 'piece' message for piece 105 to 1004
12-06-2021 15:19:02: Peer 1001 is sending the 'piece' message for piece 111 to 1002
12-06-2021 15:19:03: Peer 1001 is sending the 'piece' message for piece 107 to 1003
12-06-2021 15:19:03: Peer 1001 is sending the 'piece' message for piece 106 to 1004
12-06-2021 15:19:03: Peer 1001 is sending the 'piece' message for piece 112 to 1002
12-06-2021 15:19:03: Peer 1001 is sending the 'piece' message for piece 108 to 1003
12-06-2021 15:19:03: Peer 1001 is sending the 'piece' message for piece 107 to 1004
12-06-2021 15:19:03: Peer 1001 is sending the 'piece' message for piece 113 to 1002
12-06-2021 15:19:04: Peer 1001 is sending the 'piece' message for piece 109 to 1003
12-06-2021 15:19:04: Peer 1001 is sending the 'piece' message for piece 114 to 1002
12-06-2021 15:19:04: Peer 1001 is sending the 'piece' message for piece 108 to 1004
12-06-2021 15:19:04: Peer 1001 is sending the 'piece' message for piece 110 to 1003
12-06-2021 15:19:04: Peer 1001 is sending the 'piece' message for piece 115 to 1002
12-06-2021 15:19:04: Peer 1001 is sending the 'piece' message for piece 109 to 1004
12-06-2021 15:19:05: Peer 1001 is sending the 'piece' message for piece 111 to 1003
12-06-2021 15:19:05: Peer 1001 is sending the 'piece' message for piece 116 to 1002
12-06-2021 15:19:05: Peer 1001 is sending the 'piece' message for piece 110 to 1004
12-06-2021 15:19:05: Peer 1001 is sending the 'piece' message for piece 112 to 1003
12-06-2021 15:19:05: Peer 1001 is sending the 'piece' message for piece 117 to 1002
12-06-2021 15:19:05: Peer 1001 is sending the 'piece' message for piece 111 to 1004
12-06-2021 15:19:06: Peer 1001 is sending the 'piece' message for piece 113 to 1003
12-06-2021 15:19:06: Peer 1001 is sending the 'piece' message for piece 118 to 1002
12-06-2021 15:19:06: Peer 1001 is sending the 'piece' message for piece 112 to 1004
12-06-2021 15:19:06: Peer 1001 is sending the 'piece' message for piece 114 to 1003
12-06-2021 15:19:06: Peer 1001 is sending the 'piece' message for piece 119 to 1002
12-06-2021 15:19:06: Peer 1001 is sending the 'piece' message for piece 113 to 1004
12-06-2021 15:19:07: Peer 1001 is sending the 'piece' message for piece 115 to 1003
12-06-2021 15:19:07: Peer 1001 is sending the 'piece' message for piece 120 to 1002
12-06-2021 15:19:07: Peer 1001 is sending the 'piece' message for piece 114 to 1004
12-06-2021 15:19:07: Peer 1001 is sending the 'piece' message for piece 116 to 1003
12-06-2021 15:19:07: Peer 1001 is sending the 'piece' message for piece 121 to 1002
12-06-2021 15:19:07: Peer 1001 is sending the 'piece' message for piece 115 to 1004
12-06-2021 15:19:08: Peer 1001 is sending the 'piece' message for piece 117 to 1003
12-06-2021 15:19:08: Peer 1001 is sending the 'piece' message for piece 122 to 1002
12-06-2021 15:19:08: Peer 1001 is sending the 'piece' message for piece 116 to 1004
12-06-2021 15:19:08: Peer 1001 is sending the 'piece' message for piece 123 to 1002
12-06-2021 15:19:08: Peer 1001 is sending the 'piece' message for piece 118 to 1003
12-06-2021 15:19:08: Peer 1001 is sending the 'piece' message for piece 117 to 1004
12-06-2021 15:19:09: Peer 1001 is sending the 'piece' message for piece 124 to 1002
12-06-2021 15:19:09: Peer 1001 is sending the 'piece' message for piece 119 to 1003
12-06-2021 15:19:09: Peer 1001 is sending the 'piece' message for piece 118 to 1004
12-06-2021 15:19:09: Peer 1001 is sending the 'piece' message for piece 125 to 1002
12-06-2021 15:19:09: Peer 1001 is sending the 'piece' message for piece 120 to 1003
12-06-2021 15:19:09: Peer 1001 is sending the 'piece' message for piece 119 to 1004
12-06-2021 15:19:10: Peer 1001 is sending the 'piece' message for piece 121 to 1003
12-06-2021 15:19:10: Peer 1001 is sending the 'piece' message for piece 126 to 1002
12-06-2021 15:19:10: Peer 1001 is sending the 'piece' message for piece 120 to 1004
12-06-2021 15:19:10: Peer 1001 is sending the 'piece' message for piece 127 to 1002
12-06-2021 15:19:10: Peer 1001 is sending the 'piece' message for piece 122 to 1003
12-06-2021 15:19:10: Peer 1001 is sending the 'piece' message for piece 121 to 1004
12-06-2021 15:19:11: Peer 1001 is sending the 'piece' message for piece 128 to 1002
12-06-2021 15:19:11: Peer 1001 is sending the 'piece' message for piece 123 to 1003
12-06-2021 15:19:11: Peer 1001 is sending the 'piece' message for piece 122 to 1004
12-06-2021 15:19:11: Peer 1001 is sending the 'piece' message for piece 129 to 1002
12-06-2021 15:19:11: Peer 1001 is sending the 'piece' message for piece 124 to 1003
12-06-2021 15:19:11: Peer 1001 is sending the 'piece' message for piece 123 to 1004
12-06-2021 15:19:12: Peer 1001 is sending the 'piece' message for piece 124 to 1004
12-06-2021 15:19:12: Peer 1001 is sending the 'piece' message for piece 130 to 1002
12-06-2021 15:19:12: Peer 1001 is sending the 'piece' message for piece 125 to 1003
12-06-2021 15:19:12: Peer 1001 is sending the 'piece' message for piece 125 to 1004
12-06-2021 15:19:12: Peer 1001 is sending the 'piece' message for piece 131 to 1002
12-06-2021 15:19:12: Peer 1001 is sending the 'piece' message for piece 126 to 1003
12-06-2021 15:19:13: Peer 1001 is sending the 'piece' message for piece 126 to 1004
12-06-2021 15:19:13: Peer 1001 is sending the 'piece' message for piece 132 to 1002
12-06-2021 15:19:13: Peer 1001 is sending the 'piece' message for piece 127 to 1003
12-06-2021 15:19:13: Peer 1001 is sending the 'piece' message for piece 127 to 1004
12-06-2021 15:19:13: Peer 1001 is sending the 'piece' message for piece 133 to 1002
12-06-2021 15:19:13: Peer 1001 is sending the 'piece' message for piece 128 to 1003
12-06-2021 15:19:14: Peer 1001 is sending the 'piece' message for piece 128 to 1004
12-06-2021 15:19:14: Peer 1001 is sending the 'piece' message for piece 134 to 1002
12-06-2021 15:19:14: Peer 1001 is sending the 'piece' message for piece 129 to 1003
12-06-2021 15:19:14: Peer 1001 is sending the 'piece' message for piece 129 to 1004
12-06-2021 15:19:14: Peer 1001 is sending the 'piece' message for piece 135 to 1002
12-06-2021 15:19:14: Peer 1001 is sending the 'piece' message for piece 130 to 1003
12-06-2021 15:19:15: Peer 1001 is sending the 'piece' message for piece 130 to 1004
12-06-2021 15:19:15: Peer 1001 is sending the 'piece' message for piece 136 to 1002
12-06-2021 15:19:15: Peer 1001 is sending the 'piece' message for piece 131 to 1003
12-06-2021 15:19:15: Peer 1001 is sending the 'piece' message for piece 131 to 1004
12-06-2021 15:19:15: Peer 1001 is sending the 'piece' message for piece 137 to 1002
12-06-2021 15:19:15: Peer 1001 is sending the 'piece' message for piece 132 to 1003
12-06-2021 15:19:16: Peer 1001 is sending the 'piece' message for piece 132 to 1004
12-06-2021 15:19:16: Peer 1001 is sending the 'piece' message for piece 138 to 1002
12-06-2021 15:19:16: Peer 1001 is sending the 'piece' message for piece 133 to 1003
12-06-2021 15:19:16: Peer 1001 is sending the 'piece' message for piece 133 to 1004
12-06-2021 15:19:16: Peer 1001 is sending the 'piece' message for piece 139 to 1002
12-06-2021 15:19:16: Peer 1001 is sending the 'piece' message for piece 134 to 1003
12-06-2021 15:19:17: Peer 1001 is sending the 'piece' message for piece 134 to 1004
12-06-2021 15:19:17: Peer 1001 is sending the 'piece' message for piece 135 to 1003
12-06-2021 15:19:17: Peer 1001 is sending the 'piece' message for piece 135 to 1004
12-06-2021 15:19:18: Peer 1001 is sending the 'piece' message for piece 136 to 1003
12-06-2021 15:19:18: Peer 1001 is sending the 'piece' message for piece 136 to 1004
12-06-2021 15:19:18: Peer 1001 is sending the 'piece' message for piece 137 to 1003
12-06-2021 15:19:18: Peer 1001 is sending the 'piece' message for piece 137 to 1004
12-06-2021 15:19:19: Peer 1001 is sending the 'piece' message for piece 138 to 1003
12-06-2021 15:19:19: Peer 1001 is sending the 'piece' message for piece 138 to 1004
12-06-2021 15:19:19: Peer 1001 is sending the 'piece' message for piece 139 to 1003
12-06-2021 15:19:19: Peer 1001 is sending the 'piece' message for piece 139 to 1004
12-06-2021 15:20:38: Peer 1001 received the 'handshake' message from 1005
12-06-2021 15:20:38: Peer 1001 is connected from 1005
12-06-2021 15:20:38: Peer 1001 'handshake' message has been sent successfully.
12-06-2021 15:20:38: Peer 1001 received the 'bitfield' message from 1005
12-06-2021 15:20:38: Peer 1001 is sending the 'bitfield' message to 1005
12-06-2021 15:20:39: Peer 1001 received the 'interested' message from  1005.
12-06-2021 15:20:39: Peer 1001 is sending the 'choke' message to 1005
12-06-2021 15:20:40: Peer 1001 is sending the 'unchoke' message to 1005
12-06-2021 15:20:40: Peer 1001 is sending the 'have' message to 1005
12-06-2021 15:20:40: Peer 1001 has the preferred neighbors 1005.
12-06-2021 15:20:40: Peer 1001 received the 'interested' message from  1005.
12-06-2021 15:20:40: Peer 1001 is sending the 'unchoke' message to 1005
12-06-2021 15:20:41: Peer 1001 is sending the 'piece' message for piece 1 to 1005
12-06-2021 15:20:42: Peer 1001 is sending the 'piece' message for piece 2 to 1005
12-06-2021 15:20:42: Peer 1001 is sending the 'piece' message for piece 2 to 1005
12-06-2021 15:20:42: Peer 1001 is sending the 'piece' message for piece 3 to 1005
12-06-2021 15:20:42: Peer 1001 is sending the 'piece' message for piece 3 to 1005
12-06-2021 15:20:43: Peer 1001 is sending the 'piece' message for piece 4 to 1005
12-06-2021 15:20:43: Peer 1001 is sending the 'piece' message for piece 4 to 1005
12-06-2021 15:20:43: Peer 1001 is sending the 'piece' message for piece 5 to 1005
12-06-2021 15:20:43: Peer 1001 is sending the 'piece' message for piece 5 to 1005
12-06-2021 15:20:44: Peer 1001 is sending the 'piece' message for piece 6 to 1005
12-06-2021 15:20:44: Peer 1001 is sending the 'piece' message for piece 6 to 1005
12-06-2021 15:20:44: Peer 1001 is sending the 'piece' message for piece 7 to 1005
12-06-2021 15:20:44: Peer 1001 is sending the 'piece' message for piece 7 to 1005
12-06-2021 15:20:45: Peer 1001 is sending the 'piece' message for piece 8 to 1005
12-06-2021 15:20:45: Peer 1001 is sending the 'piece' message for piece 8 to 1005
12-06-2021 15:20:45: Peer 1001 is sending the 'piece' message for piece 9 to 1005
12-06-2021 15:20:45: Peer 1001 is sending the 'piece' message for piece 9 to 1005
12-06-2021 15:20:46: Peer 1001 is sending the 'piece' message for piece 10 to 1005
12-06-2021 15:20:46: Peer 1001 is sending the 'piece' message for piece 10 to 1005
12-06-2021 15:20:46: Peer 1001 is sending the 'piece' message for piece 11 to 1005
12-06-2021 15:20:46: Peer 1001 is sending the 'piece' message for piece 11 to 1005
12-06-2021 15:20:47: Peer 1001 is sending the 'piece' message for piece 12 to 1005
12-06-2021 15:20:47: Peer 1001 is sending the 'piece' message for piece 12 to 1005
12-06-2021 15:20:47: Peer 1001 is sending the 'piece' message for piece 13 to 1005
12-06-2021 15:20:47: Peer 1001 is sending the 'piece' message for piece 13 to 1005
12-06-2021 15:20:48: Peer 1001 is sending the 'piece' message for piece 14 to 1005
12-06-2021 15:20:48: Peer 1001 is sending the 'piece' message for piece 14 to 1005
12-06-2021 15:20:48: Peer 1001 is sending the 'piece' message for piece 15 to 1005
12-06-2021 15:20:48: Peer 1001 is sending the 'piece' message for piece 15 to 1005
12-06-2021 15:20:49: Peer 1001 is sending the 'piece' message for piece 16 to 1005
12-06-2021 15:20:49: Peer 1001 is sending the 'piece' message for piece 16 to 1005
12-06-2021 15:20:49: Peer 1001 is sending the 'piece' message for piece 17 to 1005
12-06-2021 15:20:49: Peer 1001 is sending the 'piece' message for piece 17 to 1005
12-06-2021 15:20:50: Peer 1001 is sending the 'piece' message for piece 18 to 1005
12-06-2021 15:20:50: Peer 1001 is sending the 'piece' message for piece 18 to 1005
12-06-2021 15:20:50: Peer 1001 is sending the 'piece' message for piece 19 to 1005
12-06-2021 15:20:50: Peer 1001 is sending the 'piece' message for piece 19 to 1005
12-06-2021 15:20:51: Peer 1001 is sending the 'piece' message for piece 20 to 1005
12-06-2021 15:20:51: Peer 1001 is sending the 'piece' message for piece 20 to 1005
12-06-2021 15:20:51: Peer 1001 is sending the 'piece' message for piece 21 to 1005
12-06-2021 15:20:52: Peer 1001 is sending the 'piece' message for piece 22 to 1005
12-06-2021 15:20:52: Peer 1001 is sending the 'piece' message for piece 22 to 1005
12-06-2021 15:20:52: Peer 1001 is sending the 'piece' message for piece 23 to 1005
12-06-2021 15:20:52: Peer 1001 is sending the 'piece' message for piece 23 to 1005
12-06-2021 15:20:53: Peer 1001 is sending the 'piece' message for piece 24 to 1005
12-06-2021 15:20:53: Peer 1001 is sending the 'piece' message for piece 24 to 1005
12-06-2021 15:20:53: Peer 1001 is sending the 'piece' message for piece 25 to 1005
12-06-2021 15:20:53: Peer 1001 is sending the 'piece' message for piece 25 to 1005
12-06-2021 15:20:54: Peer 1001 is sending the 'piece' message for piece 26 to 1005
12-06-2021 15:20:54: Peer 1001 is sending the 'piece' message for piece 26 to 1005
12-06-2021 15:20:54: Peer 1001 is sending the 'piece' message for piece 27 to 1005
12-06-2021 15:20:54: Peer 1001 is sending the 'piece' message for piece 27 to 1005
12-06-2021 15:20:55: Peer 1001 is sending the 'piece' message for piece 28 to 1005
12-06-2021 15:20:55: Peer 1001 is sending the 'piece' message for piece 28 to 1005
12-06-2021 15:20:55: Peer 1001 is sending the 'piece' message for piece 29 to 1005
12-06-2021 15:20:55: Peer 1001 is sending the 'piece' message for piece 29 to 1005
12-06-2021 15:20:56: Peer 1001 is sending the 'piece' message for piece 30 to 1005
12-06-2021 15:20:56: Peer 1001 is sending the 'piece' message for piece 30 to 1005
12-06-2021 15:20:56: Peer 1001 is sending the 'piece' message for piece 31 to 1005
12-06-2021 15:20:56: Peer 1001 is sending the 'piece' message for piece 31 to 1005
12-06-2021 15:20:57: Peer 1001 is sending the 'piece' message for piece 32 to 1005
12-06-2021 15:20:57: Peer 1001 is sending the 'piece' message for piece 32 to 1005
12-06-2021 15:20:57: Peer 1001 is sending the 'piece' message for piece 33 to 1005
12-06-2021 15:20:57: Peer 1001 is sending the 'piece' message for piece 33 to 1005
12-06-2021 15:20:58: Peer 1001 is sending the 'piece' message for piece 34 to 1005
12-06-2021 15:20:58: Peer 1001 is sending the 'piece' message for piece 34 to 1005
12-06-2021 15:20:58: Peer 1001 is sending the 'piece' message for piece 35 to 1005
12-06-2021 15:20:58: Peer 1001 is sending the 'piece' message for piece 35 to 1005
12-06-2021 15:20:59: Peer 1001 is sending the 'piece' message for piece 36 to 1005
12-06-2021 15:20:59: Peer 1001 is sending the 'piece' message for piece 36 to 1005
12-06-2021 15:20:59: Peer 1001 is sending the 'piece' message for piece 37 to 1005
12-06-2021 15:20:59: Peer 1001 is sending the 'piece' message for piece 37 to 1005
12-06-2021 15:21:00: Peer 1001 is sending the 'piece' message for piece 38 to 1005
12-06-2021 15:21:00: Peer 1001 is sending the 'piece' message for piece 38 to 1005
12-06-2021 15:21:00: Peer 1001 is sending the 'piece' message for piece 39 to 1005
12-06-2021 15:21:00: Peer 1001 is sending the 'piece' message for piece 39 to 1005
12-06-2021 15:21:01: Peer 1001 is sending the 'piece' message for piece 40 to 1005
12-06-2021 15:21:01: Peer 1001 is sending the 'piece' message for piece 40 to 1005
12-06-2021 15:21:01: Peer 1001 is sending the 'piece' message for piece 41 to 1005
12-06-2021 15:21:01: Peer 1001 is sending the 'piece' message for piece 41 to 1005
12-06-2021 15:21:02: Peer 1001 is sending the 'piece' message for piece 42 to 1005
12-06-2021 15:21:02: Peer 1001 is sending the 'piece' message for piece 42 to 1005
12-06-2021 15:21:02: Peer 1001 is sending the 'piece' message for piece 43 to 1005
12-06-2021 15:21:02: Peer 1001 is sending the 'piece' message for piece 43 to 1005
12-06-2021 15:21:03: Peer 1001 is sending the 'piece' message for piece 44 to 1005
12-06-2021 15:21:03: Peer 1001 is sending the 'piece' message for piece 44 to 1005
12-06-2021 15:21:03: Peer 1001 is sending the 'piece' message for piece 45 to 1005
12-06-2021 15:21:03: Peer 1001 is sending the 'piece' message for piece 45 to 1005
12-06-2021 15:21:04: Peer 1001 is sending the 'piece' message for piece 46 to 1005
12-06-2021 15:21:04: Peer 1001 is sending the 'piece' message for piece 46 to 1005
12-06-2021 15:21:04: Peer 1001 is sending the 'piece' message for piece 47 to 1005
12-06-2021 15:21:04: Peer 1001 is sending the 'piece' message for piece 47 to 1005
12-06-2021 15:21:05: Peer 1001 is sending the 'piece' message for piece 48 to 1005
12-06-2021 15:21:05: Peer 1001 is sending the 'piece' message for piece 48 to 1005
12-06-2021 15:21:05: Peer 1001 is sending the 'piece' message for piece 49 to 1005
12-06-2021 15:21:05: Peer 1001 is sending the 'piece' message for piece 49 to 1005
12-06-2021 15:21:06: Peer 1001 is sending the 'piece' message for piece 50 to 1005
12-06-2021 15:21:06: Peer 1001 is sending the 'piece' message for piece 50 to 1005
12-06-2021 15:21:06: Peer 1001 is sending the 'piece' message for piece 51 to 1005
12-06-2021 15:21:06: Peer 1001 is sending the 'piece' message for piece 51 to 1005
12-06-2021 15:21:07: Peer 1001 is sending the 'piece' message for piece 52 to 1005
12-06-2021 15:21:07: Peer 1001 is sending the 'piece' message for piece 52 to 1005
12-06-2021 15:21:07: Peer 1001 is sending the 'piece' message for piece 53 to 1005
12-06-2021 15:21:07: Peer 1001 is sending the 'piece' message for piece 53 to 1005
12-06-2021 15:21:08: Peer 1001 is sending the 'piece' message for piece 54 to 1005
12-06-2021 15:21:08: Peer 1001 is sending the 'piece' message for piece 54 to 1005
12-06-2021 15:21:08: Peer 1001 is sending the 'piece' message for piece 55 to 1005
12-06-2021 15:21:08: Peer 1001 is sending the 'piece' message for piece 55 to 1005
12-06-2021 15:21:09: Peer 1001 is sending the 'piece' message for piece 56 to 1005
12-06-2021 15:21:09: Peer 1001 is sending the 'piece' message for piece 56 to 1005
12-06-2021 15:21:09: Peer 1001 is sending the 'piece' message for piece 57 to 1005
12-06-2021 15:21:09: Peer 1001 is sending the 'piece' message for piece 57 to 1005
12-06-2021 15:21:10: Peer 1001 is sending the 'piece' message for piece 58 to 1005
12-06-2021 15:21:10: Peer 1001 is sending the 'piece' message for piece 58 to 1005
12-06-2021 15:21:10: Peer 1001 is sending the 'piece' message for piece 59 to 1005
12-06-2021 15:21:10: Peer 1001 is sending the 'piece' message for piece 59 to 1005
12-06-2021 15:21:11: Peer 1001 is sending the 'piece' message for piece 60 to 1005
12-06-2021 15:21:11: Peer 1001 is sending the 'piece' message for piece 60 to 1005
12-06-2021 15:21:11: Peer 1001 is sending the 'piece' message for piece 61 to 1005
12-06-2021 15:21:11: Peer 1001 is sending the 'piece' message for piece 61 to 1005
12-06-2021 15:21:12: Peer 1001 is sending the 'piece' message for piece 62 to 1005
12-06-2021 15:21:12: Peer 1001 is sending the 'piece' message for piece 62 to 1005
12-06-2021 15:21:12: Peer 1001 is sending the 'piece' message for piece 63 to 1005
12-06-2021 15:21:12: Peer 1001 is sending the 'piece' message for piece 63 to 1005
12-06-2021 15:21:13: Peer 1001 is sending the 'piece' message for piece 64 to 1005
12-06-2021 15:21:13: Peer 1001 is sending the 'piece' message for piece 64 to 1005
12-06-2021 15:21:13: Peer 1001 is sending the 'piece' message for piece 65 to 1005
12-06-2021 15:21:13: Peer 1001 is sending the 'piece' message for piece 65 to 1005
12-06-2021 15:21:14: Peer 1001 is sending the 'piece' message for piece 66 to 1005
12-06-2021 15:21:14: Peer 1001 is sending the 'piece' message for piece 66 to 1005
12-06-2021 15:21:14: Peer 1001 is sending the 'piece' message for piece 67 to 1005
12-06-2021 15:21:14: Peer 1001 is sending the 'piece' message for piece 67 to 1005
12-06-2021 15:21:15: Peer 1001 is sending the 'piece' message for piece 68 to 1005
12-06-2021 15:21:15: Peer 1001 is sending the 'piece' message for piece 68 to 1005
12-06-2021 15:21:15: Peer 1001 is sending the 'piece' message for piece 69 to 1005
12-06-2021 15:21:15: Peer 1001 is sending the 'piece' message for piece 69 to 1005
12-06-2021 15:21:16: Peer 1001 is sending the 'piece' message for piece 70 to 1005
12-06-2021 15:21:16: Peer 1001 is sending the 'piece' message for piece 70 to 1005
12-06-2021 15:21:16: Peer 1001 is sending the 'piece' message for piece 71 to 1005
12-06-2021 15:21:16: Peer 1001 is sending the 'piece' message for piece 71 to 1005
12-06-2021 15:21:17: Peer 1001 is sending the 'piece' message for piece 72 to 1005
12-06-2021 15:21:17: Peer 1001 is sending the 'piece' message for piece 72 to 1005
12-06-2021 15:21:17: Peer 1001 is sending the 'piece' message for piece 73 to 1005
12-06-2021 15:21:17: Peer 1001 is sending the 'piece' message for piece 73 to 1005
12-06-2021 15:21:18: Peer 1001 is sending the 'piece' message for piece 74 to 1005
12-06-2021 15:21:18: Peer 1001 is sending the 'piece' message for piece 74 to 1005
12-06-2021 15:21:18: Peer 1001 is sending the 'piece' message for piece 75 to 1005
12-06-2021 15:21:18: Peer 1001 is sending the 'piece' message for piece 75 to 1005
12-06-2021 15:21:19: Peer 1001 is sending the 'piece' message for piece 76 to 1005
12-06-2021 15:21:19: Peer 1001 is sending the 'piece' message for piece 76 to 1005
12-06-2021 15:21:19: Peer 1001 is sending the 'piece' message for piece 77 to 1005
12-06-2021 15:21:19: Peer 1001 is sending the 'piece' message for piece 77 to 1005
12-06-2021 15:21:20: Peer 1001 is sending the 'piece' message for piece 78 to 1005
12-06-2021 15:21:20: Peer 1001 is sending the 'piece' message for piece 78 to 1005
12-06-2021 15:21:20: Peer 1001 is sending the 'piece' message for piece 79 to 1005
12-06-2021 15:21:20: Peer 1001 is sending the 'piece' message for piece 79 to 1005
12-06-2021 15:21:21: Peer 1001 is sending the 'piece' message for piece 80 to 1005
12-06-2021 15:21:21: Peer 1001 is sending the 'piece' message for piece 80 to 1005
12-06-2021 15:21:21: Peer 1001 is sending the 'piece' message for piece 81 to 1005
12-06-2021 15:21:21: Peer 1001 is sending the 'piece' message for piece 81 to 1005
12-06-2021 15:21:22: Peer 1001 is sending the 'piece' message for piece 82 to 1005
12-06-2021 15:21:22: Peer 1001 is sending the 'piece' message for piece 82 to 1005
12-06-2021 15:21:22: Peer 1001 is sending the 'piece' message for piece 83 to 1005
12-06-2021 15:21:22: Peer 1001 is sending the 'piece' message for piece 83 to 1005
12-06-2021 15:21:23: Peer 1001 is sending the 'piece' message for piece 84 to 1005
12-06-2021 15:21:23: Peer 1001 is sending the 'piece' message for piece 84 to 1005
12-06-2021 15:21:23: Peer 1001 is sending the 'piece' message for piece 85 to 1005
12-06-2021 15:21:23: Peer 1001 is sending the 'piece' message for piece 85 to 1005
12-06-2021 15:21:24: Peer 1001 is sending the 'piece' message for piece 86 to 1005
12-06-2021 15:21:24: Peer 1001 is sending the 'piece' message for piece 86 to 1005
12-06-2021 15:21:24: Peer 1001 is sending the 'piece' message for piece 87 to 1005
12-06-2021 15:21:25: Peer 1001 is sending the 'piece' message for piece 87 to 1005
12-06-2021 15:21:25: Peer 1001 is sending the 'piece' message for piece 88 to 1005
12-06-2021 15:21:25: Peer 1001 is sending the 'piece' message for piece 88 to 1005
12-06-2021 15:21:26: Peer 1001 is sending the 'piece' message for piece 89 to 1005
12-06-2021 15:21:26: Peer 1001 is sending the 'piece' message for piece 89 to 1005
12-06-2021 15:21:26: Peer 1001 is sending the 'piece' message for piece 90 to 1005
12-06-2021 15:21:26: Peer 1001 is sending the 'piece' message for piece 90 to 1005
12-06-2021 15:21:27: Peer 1001 is sending the 'piece' message for piece 91 to 1005
12-06-2021 15:21:27: Peer 1001 is sending the 'piece' message for piece 91 to 1005
12-06-2021 15:21:27: Peer 1001 is sending the 'piece' message for piece 92 to 1005
12-06-2021 15:21:27: Peer 1001 is sending the 'piece' message for piece 92 to 1005
12-06-2021 15:21:28: Peer 1001 is sending the 'piece' message for piece 93 to 1005
12-06-2021 15:21:28: Peer 1001 is sending the 'piece' message for piece 93 to 1005
12-06-2021 15:21:28: Peer 1001 is sending the 'piece' message for piece 94 to 1005
12-06-2021 15:21:28: Peer 1001 is sending the 'piece' message for piece 94 to 1005
12-06-2021 15:21:29: Peer 1001 is sending the 'piece' message for piece 95 to 1005
12-06-2021 15:21:29: Peer 1001 is sending the 'piece' message for piece 95 to 1005
12-06-2021 15:21:29: Peer 1001 is sending the 'piece' message for piece 96 to 1005
12-06-2021 15:21:29: Peer 1001 is sending the 'piece' message for piece 96 to 1005
12-06-2021 15:21:30: Peer 1001 is sending the 'piece' message for piece 97 to 1005
12-06-2021 15:21:30: Peer 1001 is sending the 'piece' message for piece 97 to 1005
12-06-2021 15:21:30: Peer 1001 is sending the 'piece' message for piece 98 to 1005
12-06-2021 15:21:30: Peer 1001 is sending the 'piece' message for piece 98 to 1005
12-06-2021 15:21:31: Peer 1001 is sending the 'piece' message for piece 99 to 1005
12-06-2021 15:21:31: Peer 1001 is sending the 'piece' message for piece 99 to 1005
12-06-2021 15:21:31: Peer 1001 is sending the 'piece' message for piece 100 to 1005
12-06-2021 15:21:31: Peer 1001 is sending the 'piece' message for piece 100 to 1005
12-06-2021 15:21:32: Peer 1001 is sending the 'piece' message for piece 101 to 1005
12-06-2021 15:21:32: Peer 1001 is sending the 'piece' message for piece 101 to 1005
12-06-2021 15:21:32: Peer 1001 is sending the 'piece' message for piece 102 to 1005
12-06-2021 15:21:32: Peer 1001 is sending the 'piece' message for piece 102 to 1005
12-06-2021 15:21:33: Peer 1001 is sending the 'piece' message for piece 103 to 1005
12-06-2021 15:21:33: Peer 1001 is sending the 'piece' message for piece 103 to 1005
12-06-2021 15:21:33: Peer 1001 is sending the 'piece' message for piece 104 to 1005
12-06-2021 15:21:33: Peer 1001 is sending the 'piece' message for piece 104 to 1005
12-06-2021 15:21:34: Peer 1001 is sending the 'piece' message for piece 105 to 1005
12-06-2021 15:21:34: Peer 1001 is sending the 'piece' message for piece 105 to 1005
12-06-2021 15:21:34: Peer 1001 is sending the 'piece' message for piece 106 to 1005
12-06-2021 15:21:34: Peer 1001 is sending the 'piece' message for piece 106 to 1005
12-06-2021 15:21:35: Peer 1001 is sending the 'piece' message for piece 107 to 1005
12-06-2021 15:21:35: Peer 1001 is sending the 'piece' message for piece 107 to 1005
12-06-2021 15:21:35: Peer 1001 is sending the 'piece' message for piece 108 to 1005
12-06-2021 15:21:35: Peer 1001 is sending the 'piece' message for piece 108 to 1005
12-06-2021 15:21:36: Peer 1001 is sending the 'piece' message for piece 109 to 1005
12-06-2021 15:21:36: Peer 1001 is sending the 'piece' message for piece 109 to 1005
12-06-2021 15:21:36: Peer 1001 is sending the 'piece' message for piece 110 to 1005
12-06-2021 15:21:36: Peer 1001 is sending the 'piece' message for piece 110 to 1005
12-06-2021 15:21:37: Peer 1001 is sending the 'piece' message for piece 111 to 1005
12-06-2021 15:21:37: Peer 1001 is sending the 'piece' message for piece 111 to 1005
12-06-2021 15:21:37: Peer 1001 is sending the 'piece' message for piece 112 to 1005
12-06-2021 15:21:37: Peer 1001 is sending the 'piece' message for piece 112 to 1005
12-06-2021 15:21:38: Peer 1001 is sending the 'piece' message for piece 113 to 1005
12-06-2021 15:21:38: Peer 1001 is sending the 'piece' message for piece 113 to 1005
12-06-2021 15:21:38: Peer 1001 is sending the 'piece' message for piece 114 to 1005
12-06-2021 15:21:38: Peer 1001 is sending the 'piece' message for piece 114 to 1005
12-06-2021 15:21:39: Peer 1001 is sending the 'piece' message for piece 115 to 1005
12-06-2021 15:21:39: Peer 1001 is sending the 'piece' message for piece 115 to 1005
12-06-2021 15:21:39: Peer 1001 is sending the 'piece' message for piece 116 to 1005
12-06-2021 15:21:39: Peer 1001 is sending the 'piece' message for piece 116 to 1005
12-06-2021 15:21:40: Peer 1001 is sending the 'piece' message for piece 117 to 1005
12-06-2021 15:21:40: Peer 1001 is sending the 'piece' message for piece 117 to 1005
12-06-2021 15:21:40: Peer 1001 is sending the 'piece' message for piece 118 to 1005
12-06-2021 15:21:40: Peer 1001 is sending the 'piece' message for piece 118 to 1005
12-06-2021 15:21:41: Peer 1001 is sending the 'piece' message for piece 119 to 1005
12-06-2021 15:21:41: Peer 1001 is sending the 'piece' message for piece 119 to 1005
12-06-2021 15:21:41: Peer 1001 is sending the 'piece' message for piece 120 to 1005
12-06-2021 15:21:41: Peer 1001 is sending the 'piece' message for piece 120 to 1005
12-06-2021 15:21:42: Peer 1001 is sending the 'piece' message for piece 121 to 1005
12-06-2021 15:21:42: Peer 1001 is sending the 'piece' message for piece 121 to 1005
12-06-2021 15:21:42: Peer 1001 is sending the 'piece' message for piece 122 to 1005
12-06-2021 15:21:42: Peer 1001 is sending the 'piece' message for piece 122 to 1005
12-06-2021 15:21:43: Peer 1001 is sending the 'piece' message for piece 123 to 1005
12-06-2021 15:21:43: Peer 1001 is sending the 'piece' message for piece 123 to 1005
12-06-2021 15:21:43: Peer 1001 is sending the 'piece' message for piece 124 to 1005
12-06-2021 15:21:43: Peer 1001 is sending the 'piece' message for piece 124 to 1005
12-06-2021 15:21:44: Peer 1001 is sending the 'piece' message for piece 125 to 1005
12-06-2021 15:21:44: Peer 1001 is sending the 'piece' message for piece 125 to 1005
12-06-2021 15:21:44: Peer 1001 is sending the 'piece' message for piece 126 to 1005
12-06-2021 15:21:44: Peer 1001 is sending the 'piece' message for piece 126 to 1005
12-06-2021 15:21:45: Peer 1001 is sending the 'piece' message for piece 127 to 1005
12-06-2021 15:21:45: Peer 1001 is sending the 'piece' message for piece 127 to 1005
12-06-2021 15:21:45: Peer 1001 is sending the 'piece' message for piece 128 to 1005
12-06-2021 15:21:45: Peer 1001 is sending the 'piece' message for piece 128 to 1005
12-06-2021 15:21:46: Peer 1001 is sending the 'piece' message for piece 129 to 1005
12-06-2021 15:21:46: Peer 1001 is sending the 'piece' message for piece 129 to 1005
12-06-2021 15:21:46: Peer 1001 is sending the 'piece' message for piece 130 to 1005
12-06-2021 15:21:46: Peer 1001 is sending the 'piece' message for piece 130 to 1005
12-06-2021 15:21:47: Peer 1001 is sending the 'piece' message for piece 131 to 1005
12-06-2021 15:21:47: Peer 1001 is sending the 'piece' message for piece 131 to 1005
12-06-2021 15:21:47: Peer 1001 is sending the 'piece' message for piece 132 to 1005
12-06-2021 15:21:47: Peer 1001 is sending the 'piece' message for piece 132 to 1005
12-06-2021 15:21:48: Peer 1001 is sending the 'piece' message for piece 133 to 1005
12-06-2021 15:21:48: Peer 1001 is sending the 'piece' message for piece 133 to 1005
12-06-2021 15:21:48: Peer 1001 is sending the 'piece' message for piece 134 to 1005
12-06-2021 15:21:48: Peer 1001 is sending the 'piece' message for piece 134 to 1005
12-06-2021 15:21:49: Peer 1001 is sending the 'piece' message for piece 135 to 1005
12-06-2021 15:21:49: Peer 1001 is sending the 'piece' message for piece 135 to 1005
12-06-2021 15:21:49: Peer 1001 is sending the 'piece' message for piece 136 to 1005
12-06-2021 15:21:49: Peer 1001 is sending the 'piece' message for piece 136 to 1005
12-06-2021 15:21:50: Peer 1001 is sending the 'piece' message for piece 137 to 1005
12-06-2021 15:21:50: Peer 1001 is sending the 'piece' message for piece 137 to 1005
12-06-2021 15:21:50: Peer 1001 is sending the 'piece' message for piece 138 to 1005
12-06-2021 15:21:50: Peer 1001 is sending the 'piece' message for piece 138 to 1005
12-06-2021 15:21:51: Peer 1001 is sending the 'piece' message for piece 139 to 1005
12-06-2021 15:21:51: Peer 1001 is sending the 'piece' message for piece 139 to 1005
12-06-2021 15:21:55: Peer All peers have completed downloading the file.
12-06-2021 15:21:57: Peer 1001 process has been terminated
